=== Detailed log started at 2025-05-27 17:00:44 ===



(and (clear pos-2-2)
 (clear pos-2-3)
 (clear pos-2-4)
 (clear pos-2-6)
 (at player-01 pos-1-8)
 (clear pos-2-7)
 (clear pos-2-8)
 (clear pos-2-9)
 (clear pos-3-2)
 (clear pos-3-3)
 (clear pos-3-4)
 (clear pos-3-6)
 (clear pos-3-7)
 (clear pos-3-8)
 (clear pos-3-9)
 (clear pos-4-2)
 (clear pos-4-3)
 (clear pos-4-4)
 (clear pos-4-5)
 (clear pos-4-6)
 (clear pos-4-7)
 (clear pos-4-8)
 (clear pos-4-9)
 (clear pos-4-10)
 (clear pos-5-2)
 (clear pos-5-3)
 (clear pos-5-4)
 (clear pos-5-5)
 (clear pos-5-6)
 (clear pos-5-7)
 (clear pos-5-8)
 (clear pos-5-9)
 (clear pos-5-10)
 (clear pos-6-7)
 (clear pos-6-8)
 (clear pos-6-9)
 (clear pos-6-10)
 (clear pos-7-2)
 (clear pos-7-3)
 (clear pos-7-4)
 (clear pos-7-5)
 (clear pos-7-6)
 (clear pos-7-8)
 (clear pos-7-9)
 (clear pos-7-10)
 (clear pos-8-2)
 (clear pos-8-3)
 (clear pos-8-5)
 (clear pos-8-6)
 (clear pos-8-7)
 (clear pos-8-8)
 (clear pos-8-9)
 (clear pos-9-2)
 (clear pos-9-3)
 (clear pos-9-4)
 (clear pos-9-5)
 (clear pos-9-6)
 (clear pos-9-9)
 (clear pos-10-2)
 (clear pos-10-3)
 (clear pos-10-4)
 (clear pos-10-5)
 (clear pos-10-6)
 (clear pos-10-7)
 (clear pos-10-8)
 (clear pos-10-9)
 (clear pos-11-3)
 (clear pos-11-4)
 (clear pos-12-3)
 (clear pos-12-4)
 (clear pos-12-5)
 (clear pos-12-6)
 (clear pos-12-7)
 (clear pos-12-8)
 (clear pos-12-9)
 (at stone-01 pos-7-7)
 (at stone-02 pos-8-4)
 (at stone-03 pos-9-7)
 (at stone-04 pos-9-8)
 (is-goal pos-12-8)
 (is-goal pos-8-2)
 (is-goal pos-3-2)
 (is-goal pos-7-10)
 (is-goal pos-4-2)
 (is-goal pos-5-10)
 (is-goal pos-2-2)
 (is-goal pos-7-2)
 (is-goal pos-9-2)
 (is-goal pos-12-7)
 (is-goal pos-4-10)
 (is-goal pos-12-6)
 (is-goal pos-6-10)
 (is-goal pos-12-9)
 (is-goal pos-10-2)
 (is-goal pos-5-2)
 (is-nongoal pos-1-1)
 (is-nongoal pos-1-2)
 (is-nongoal pos-1-3)
 (is-nongoal pos-1-4)
 (is-nongoal pos-1-5)
 (is-nongoal pos-1-6)
 (is-nongoal pos-1-7)
 (is-nongoal pos-1-8)
 (is-nongoal pos-1-9)
 (is-nongoal pos-1-10)
 (is-nongoal pos-1-11)
 (is-nongoal pos-2-1)
 (is-nongoal pos-2-3)
 (is-nongoal pos-2-4)
 (is-nongoal pos-2-5)
 (is-nongoal pos-2-6)
 (is-nongoal pos-2-7)
 (is-nongoal pos-2-8)
 (is-nongoal pos-2-9)
 (is-nongoal pos-2-10)
 (is-nongoal pos-2-11)
 (is-nongoal pos-3-1)
 (is-nongoal pos-3-3)
 (is-nongoal pos-3-4)
 (is-nongoal pos-3-5)
 (is-nongoal pos-3-6)
 (is-nongoal pos-3-7)
 (is-nongoal pos-3-8)
 (is-nongoal pos-3-9)
 (is-nongoal pos-3-10)
 (is-nongoal pos-3-11)
 (is-nongoal pos-4-1)
 (is-nongoal pos-4-3)
 (is-nongoal pos-4-4)
 (is-nongoal pos-4-5)
 (is-nongoal pos-4-6)
 (is-nongoal pos-4-7)
 (is-nongoal pos-4-8)
 (is-nongoal pos-4-9)
 (is-nongoal pos-4-11)
 (is-nongoal pos-5-1)
 (is-nongoal pos-5-3)
 (is-nongoal pos-5-4)
 (is-nongoal pos-5-5)
 (is-nongoal pos-5-6)
 (is-nongoal pos-5-7)
 (is-nongoal pos-5-8)
 (is-nongoal pos-5-9)
 (is-nongoal pos-5-11)
 (is-nongoal pos-6-1)
 (is-nongoal pos-6-2)
 (is-nongoal pos-6-3)
 (is-nongoal pos-6-4)
 (is-nongoal pos-6-5)
 (is-nongoal pos-6-6)
 (is-nongoal pos-6-7)
 (is-nongoal pos-6-8)
 (is-nongoal pos-6-9)
 (is-nongoal pos-6-11)
 (is-nongoal pos-7-1)
 (is-nongoal pos-7-3)
 (is-nongoal pos-7-4)
 (is-nongoal pos-7-5)
 (is-nongoal pos-7-6)
 (is-nongoal pos-7-7)
 (is-nongoal pos-7-8)
 (is-nongoal pos-7-9)
 (is-nongoal pos-7-11)
 (is-nongoal pos-8-1)
 (is-nongoal pos-8-3)
 (is-nongoal pos-8-4)
 (is-nongoal pos-8-5)
 (is-nongoal pos-8-6)
 (is-nongoal pos-8-7)
 (is-nongoal pos-8-8)
 (is-nongoal pos-8-9)
 (is-nongoal pos-8-10)
 (is-nongoal pos-8-11)
 (is-nongoal pos-9-1)
 (is-nongoal pos-9-3)
 (is-nongoal pos-9-4)
 (is-nongoal pos-9-5)
 (is-nongoal pos-9-6)
 (is-nongoal pos-9-7)
 (is-nongoal pos-9-8)
 (is-nongoal pos-9-9)
 (is-nongoal pos-9-10)
 (is-nongoal pos-9-11)
 (is-nongoal pos-10-1)
 (is-nongoal pos-10-3)
 (is-nongoal pos-10-4)
 (is-nongoal pos-10-5)
 (is-nongoal pos-10-6)
 (is-nongoal pos-10-7)
 (is-nongoal pos-10-8)
 (is-nongoal pos-10-9)
 (is-nongoal pos-10-10)
 (is-nongoal pos-10-11)
 (is-nongoal pos-11-1)
 (is-nongoal pos-11-2)
 (is-nongoal pos-11-3)
 (is-nongoal pos-11-4)
 (is-nongoal pos-11-5)
 (is-nongoal pos-11-6)
 (is-nongoal pos-11-7)
 (is-nongoal pos-11-8)
 (is-nongoal pos-11-9)
 (is-nongoal pos-11-10)
 (is-nongoal pos-11-11)
 (is-nongoal pos-12-1)
 (is-nongoal pos-12-2)
 (is-nongoal pos-12-3)
 (is-nongoal pos-12-4)
 (is-nongoal pos-12-5)
 (is-nongoal pos-12-10)
 (is-nongoal pos-12-11)
 (is-nongoal pos-13-1)
 (is-nongoal pos-13-2)
 (is-nongoal pos-13-3)
 (is-nongoal pos-13-4)
 (is-nongoal pos-13-5)
 (is-nongoal pos-13-6)
 (is-nongoal pos-13-7)
 (is-nongoal pos-13-8)
 (is-nongoal pos-13-9)
 (is-nongoal pos-13-10)
 (is-nongoal pos-13-11)
 (move-dir pos-1-1 pos-2-1 dir-down)
 (move-dir pos-1-1 pos-1-2 dir-right)
 (move-dir pos-1-2 pos-2-2 dir-down)
 (move-dir pos-1-2 pos-1-1 dir-left)
 (move-dir pos-1-2 pos-1-3 dir-right)
 (move-dir pos-1-3 pos-2-3 dir-down)
 (move-dir pos-1-3 pos-1-2 dir-left)
 (move-dir pos-1-3 pos-1-4 dir-right)
 (move-dir pos-1-4 pos-2-4 dir-down)
 (move-dir pos-1-4 pos-1-3 dir-left)
 (move-dir pos-1-4 pos-1-5 dir-right)
 (move-dir pos-1-5 pos-2-5 dir-down)
 (move-dir pos-1-5 pos-1-4 dir-left)
 (move-dir pos-1-5 pos-1-6 dir-right)
 (move-dir pos-1-6 pos-2-6 dir-down)
 (move-dir pos-1-6 pos-1-5 dir-left)
 (move-dir pos-1-6 pos-1-7 dir-right)
 (move-dir pos-1-7 pos-2-7 dir-down)
 (move-dir pos-1-7 pos-1-6 dir-left)
 (move-dir pos-1-7 pos-1-8 dir-right)
 (move-dir pos-1-8 pos-2-8 dir-down)
 (move-dir pos-1-8 pos-1-7 dir-left)
 (move-dir pos-1-8 pos-1-9 dir-right)
 (move-dir pos-1-9 pos-2-9 dir-down)
 (move-dir pos-1-9 pos-1-8 dir-left)
 (move-dir pos-1-9 pos-1-10 dir-right)
 (move-dir pos-1-10 pos-2-10 dir-down)
 (move-dir pos-1-10 pos-1-9 dir-left)
 (move-dir pos-1-10 pos-1-11 dir-right)
 (move-dir pos-1-11 pos-2-11 dir-down)
 (move-dir pos-1-11 pos-1-10 dir-left)
 (move-dir pos-2-1 pos-1-1 dir-up)
 (move-dir pos-2-1 pos-3-1 dir-down)
 (move-dir pos-2-1 pos-2-2 dir-right)
 (move-dir pos-2-2 pos-1-2 dir-up)
 (move-dir pos-2-2 pos-3-2 dir-down)
 (move-dir pos-2-2 pos-2-1 dir-left)
 (move-dir pos-2-2 pos-2-3 dir-right)
 (move-dir pos-2-3 pos-1-3 dir-up)
 (move-dir pos-2-3 pos-3-3 dir-down)
 (move-dir pos-2-3 pos-2-2 dir-left)
 (move-dir pos-2-3 pos-2-4 dir-right)
 (move-dir pos-2-4 pos-1-4 dir-up)
 (move-dir pos-2-4 pos-3-4 dir-down)
 (move-dir pos-2-4 pos-2-3 dir-left)
 (move-dir pos-2-4 pos-2-5 dir-right)
 (move-dir pos-2-5 pos-1-5 dir-up)
 (move-dir pos-2-5 pos-3-5 dir-down)
 (move-dir pos-2-5 pos-2-4 dir-left)
 (move-dir pos-2-5 pos-2-6 dir-right)
 (move-dir pos-2-6 pos-1-6 dir-up)
 (move-dir pos-2-6 pos-3-6 dir-down)
 (move-dir pos-2-6 pos-2-5 dir-left)
 (move-dir pos-2-6 pos-2-7 dir-right)
 (move-dir pos-2-7 pos-1-7 dir-up)
 (move-dir pos-2-7 pos-3-7 dir-down)
 (move-dir pos-2-7 pos-2-6 dir-left)
 (move-dir pos-2-7 pos-2-8 dir-right)
 (move-dir pos-2-8 pos-1-8 dir-up)
 (move-dir pos-2-8 pos-3-8 dir-down)
 (move-dir pos-2-8 pos-2-7 dir-left)
 (move-dir pos-2-8 pos-2-9 dir-right)
 (move-dir pos-2-9 pos-1-9 dir-up)
 (move-dir pos-2-9 pos-3-9 dir-down)
 (move-dir pos-2-9 pos-2-8 dir-left)
 (move-dir pos-2-9 pos-2-10 dir-right)
 (move-dir pos-2-10 pos-1-10 dir-up)
 (move-dir pos-2-10 pos-3-10 dir-down)
 (move-dir pos-2-10 pos-2-9 dir-left)
 (move-dir pos-2-10 pos-2-11 dir-right)
 (move-dir pos-2-11 pos-1-11 dir-up)
 (move-dir pos-2-11 pos-3-11 dir-down)
 (move-dir pos-2-11 pos-2-10 dir-left)
 (move-dir pos-3-1 pos-2-1 dir-up)
 (move-dir pos-3-1 pos-4-1 dir-down)
 (move-dir pos-3-1 pos-3-2 dir-right)
 (move-dir pos-3-2 pos-2-2 dir-up)
 (move-dir pos-3-2 pos-4-2 dir-down)
 (move-dir pos-3-2 pos-3-1 dir-left)
 (move-dir pos-3-2 pos-3-3 dir-right)
 (move-dir pos-3-3 pos-2-3 dir-up)
 (move-dir pos-3-3 pos-4-3 dir-down)
 (move-dir pos-3-3 pos-3-2 dir-left)
 (move-dir pos-3-3 pos-3-4 dir-right)
 (move-dir pos-3-4 pos-2-4 dir-up)
 (move-dir pos-3-4 pos-4-4 dir-down)
 (move-dir pos-3-4 pos-3-3 dir-left)
 (move-dir pos-3-4 pos-3-5 dir-right)
 (move-dir pos-3-5 pos-2-5 dir-up)
 (move-dir pos-3-5 pos-4-5 dir-down)
 (move-dir pos-3-5 pos-3-4 dir-left)
 (move-dir pos-3-5 pos-3-6 dir-right)
 (move-dir pos-3-6 pos-2-6 dir-up)
 (move-dir pos-3-6 pos-4-6 dir-down)
 (move-dir pos-3-6 pos-3-5 dir-left)
 (move-dir pos-3-6 pos-3-7 dir-right)
 (move-dir pos-3-7 pos-2-7 dir-up)
 (move-dir pos-3-7 pos-4-7 dir-down)
 (move-dir pos-3-7 pos-3-6 dir-left)
 (move-dir pos-3-7 pos-3-8 dir-right)
 (move-dir pos-3-8 pos-2-8 dir-up)
 (move-dir pos-3-8 pos-4-8 dir-down)
 (move-dir pos-3-8 pos-3-7 dir-left)
 (move-dir pos-3-8 pos-3-9 dir-right)
 (move-dir pos-3-9 pos-2-9 dir-up)
 (move-dir pos-3-9 pos-4-9 dir-down)
 (move-dir pos-3-9 pos-3-8 dir-left)
 (move-dir pos-3-9 pos-3-10 dir-right)
 (move-dir pos-3-10 pos-2-10 dir-up)
 (move-dir pos-3-10 pos-4-10 dir-down)
 (move-dir pos-3-10 pos-3-9 dir-left)
 (move-dir pos-3-10 pos-3-11 dir-right)
 (move-dir pos-3-11 pos-2-11 dir-up)
 (move-dir pos-3-11 pos-4-11 dir-down)
 (move-dir pos-3-11 pos-3-10 dir-left)
 (move-dir pos-4-1 pos-3-1 dir-up)
 (move-dir pos-4-1 pos-5-1 dir-down)
 (move-dir pos-4-1 pos-4-2 dir-right)
 (move-dir pos-4-2 pos-3-2 dir-up)
 (move-dir pos-4-2 pos-5-2 dir-down)
 (move-dir pos-4-2 pos-4-1 dir-left)
 (move-dir pos-4-2 pos-4-3 dir-right)
 (move-dir pos-4-3 pos-3-3 dir-up)
 (move-dir pos-4-3 pos-5-3 dir-down)
 (move-dir pos-4-3 pos-4-2 dir-left)
 (move-dir pos-4-3 pos-4-4 dir-right)
 (move-dir pos-4-4 pos-3-4 dir-up)
 (move-dir pos-4-4 pos-5-4 dir-down)
 (move-dir pos-4-4 pos-4-3 dir-left)
 (move-dir pos-4-4 pos-4-5 dir-right)
 (move-dir pos-4-5 pos-3-5 dir-up)
 (move-dir pos-4-5 pos-5-5 dir-down)
 (move-dir pos-4-5 pos-4-4 dir-left)
 (move-dir pos-4-5 pos-4-6 dir-right)
 (move-dir pos-4-6 pos-3-6 dir-up)
 (move-dir pos-4-6 pos-5-6 dir-down)
 (move-dir pos-4-6 pos-4-5 dir-left)
 (move-dir pos-4-6 pos-4-7 dir-right)
 (move-dir pos-4-7 pos-3-7 dir-up)
 (move-dir pos-4-7 pos-5-7 dir-down)
 (move-dir pos-4-7 pos-4-6 dir-left)
 (move-dir pos-4-7 pos-4-8 dir-right)
 (move-dir pos-4-8 pos-3-8 dir-up)
 (move-dir pos-4-8 pos-5-8 dir-down)
 (move-dir pos-4-8 pos-4-7 dir-left)
 (move-dir pos-4-8 pos-4-9 dir-right)
 (move-dir pos-4-9 pos-3-9 dir-up)
 (move-dir pos-4-9 pos-5-9 dir-down)
 (move-dir pos-4-9 pos-4-8 dir-left)
 (move-dir pos-4-9 pos-4-10 dir-right)
 (move-dir pos-4-10 pos-3-10 dir-up)
 (move-dir pos-4-10 pos-5-10 dir-down)
 (move-dir pos-4-10 pos-4-9 dir-left)
 (move-dir pos-4-10 pos-4-11 dir-right)
 (move-dir pos-4-11 pos-3-11 dir-up)
 (move-dir pos-4-11 pos-5-11 dir-down)
 (move-dir pos-4-11 pos-4-10 dir-left)
 (move-dir pos-5-1 pos-4-1 dir-up)
 (move-dir pos-5-1 pos-6-1 dir-down)
 (move-dir pos-5-1 pos-5-2 dir-right)
 (move-dir pos-5-2 pos-4-2 dir-up)
 (move-dir pos-5-2 pos-6-2 dir-down)
 (move-dir pos-5-2 pos-5-1 dir-left)
 (move-dir pos-5-2 pos-5-3 dir-right)
 (move-dir pos-5-3 pos-4-3 dir-up)
 (move-dir pos-5-3 pos-6-3 dir-down)
 (move-dir pos-5-3 pos-5-2 dir-left)
 (move-dir pos-5-3 pos-5-4 dir-right)
 (move-dir pos-5-4 pos-4-4 dir-up)
 (move-dir pos-5-4 pos-6-4 dir-down)
 (move-dir pos-5-4 pos-5-3 dir-left)
 (move-dir pos-5-4 pos-5-5 dir-right)
 (move-dir pos-5-5 pos-4-5 dir-up)
 (move-dir pos-5-5 pos-6-5 dir-down)
 (move-dir pos-5-5 pos-5-4 dir-left)
 (move-dir pos-5-5 pos-5-6 dir-right)
 (move-dir pos-5-6 pos-4-6 dir-up)
 (move-dir pos-5-6 pos-6-6 dir-down)
 (move-dir pos-5-6 pos-5-5 dir-left)
 (move-dir pos-5-6 pos-5-7 dir-right)
 (move-dir pos-5-7 pos-4-7 dir-up)
 (move-dir pos-5-7 pos-6-7 dir-down)
 (move-dir pos-5-7 pos-5-6 dir-left)
 (move-dir pos-5-7 pos-5-8 dir-right)
 (move-dir pos-5-8 pos-4-8 dir-up)
 (move-dir pos-5-8 pos-6-8 dir-down)
 (move-dir pos-5-8 pos-5-7 dir-left)
 (move-dir pos-5-8 pos-5-9 dir-right)
 (move-dir pos-5-9 pos-4-9 dir-up)
 (move-dir pos-5-9 pos-6-9 dir-down)
 (move-dir pos-5-9 pos-5-8 dir-left)
 (move-dir pos-5-9 pos-5-10 dir-right)
 (move-dir pos-5-10 pos-4-10 dir-up)
 (move-dir pos-5-10 pos-6-10 dir-down)
 (move-dir pos-5-10 pos-5-9 dir-left)
 (move-dir pos-5-10 pos-5-11 dir-right)
 (move-dir pos-5-11 pos-4-11 dir-up)
 (move-dir pos-5-11 pos-6-11 dir-down)
 (move-dir pos-5-11 pos-5-10 dir-left)
 (move-dir pos-6-1 pos-5-1 dir-up)
 (move-dir pos-6-1 pos-7-1 dir-down)
 (move-dir pos-6-1 pos-6-2 dir-right)
 (move-dir pos-6-2 pos-5-2 dir-up)
 (move-dir pos-6-2 pos-7-2 dir-down)
 (move-dir pos-6-2 pos-6-1 dir-left)
 (move-dir pos-6-2 pos-6-3 dir-right)
 (move-dir pos-6-3 pos-5-3 dir-up)
 (move-dir pos-6-3 pos-7-3 dir-down)
 (move-dir pos-6-3 pos-6-2 dir-left)
 (move-dir pos-6-3 pos-6-4 dir-right)
 (move-dir pos-6-4 pos-5-4 dir-up)
 (move-dir pos-6-4 pos-7-4 dir-down)
 (move-dir pos-6-4 pos-6-3 dir-left)
 (move-dir pos-6-4 pos-6-5 dir-right)
 (move-dir pos-6-5 pos-5-5 dir-up)
 (move-dir pos-6-5 pos-7-5 dir-down)
 (move-dir pos-6-5 pos-6-4 dir-left)
 (move-dir pos-6-5 pos-6-6 dir-right)
 (move-dir pos-6-6 pos-5-6 dir-up)
 (move-dir pos-6-6 pos-7-6 dir-down)
 (move-dir pos-6-6 pos-6-5 dir-left)
 (move-dir pos-6-6 pos-6-7 dir-right)
 (move-dir pos-6-7 pos-5-7 dir-up)
 (move-dir pos-6-7 pos-7-7 dir-down)
 (move-dir pos-6-7 pos-6-6 dir-left)
 (move-dir pos-6-7 pos-6-8 dir-right)
 (move-dir pos-6-8 pos-5-8 dir-up)
 (move-dir pos-6-8 pos-7-8 dir-down)
 (move-dir pos-6-8 pos-6-7 dir-left)
 (move-dir pos-6-8 pos-6-9 dir-right)
 (move-dir pos-6-9 pos-5-9 dir-up)
 (move-dir pos-6-9 pos-7-9 dir-down)
 (move-dir pos-6-9 pos-6-8 dir-left)
 (move-dir pos-6-9 pos-6-10 dir-right)
 (move-dir pos-6-10 pos-5-10 dir-up)
 (move-dir pos-6-10 pos-7-10 dir-down)
 (move-dir pos-6-10 pos-6-9 dir-left)
 (move-dir pos-6-10 pos-6-11 dir-right)
 (move-dir pos-6-11 pos-5-11 dir-up)
 (move-dir pos-6-11 pos-7-11 dir-down)
 (move-dir pos-6-11 pos-6-10 dir-left)
 (move-dir pos-7-1 pos-6-1 dir-up)
 (move-dir pos-7-1 pos-8-1 dir-down)
 (move-dir pos-7-1 pos-7-2 dir-right)
 (move-dir pos-7-2 pos-6-2 dir-up)
 (move-dir pos-7-2 pos-8-2 dir-down)
 (move-dir pos-7-2 pos-7-1 dir-left)
 (move-dir pos-7-2 pos-7-3 dir-right)
 (move-dir pos-7-3 pos-6-3 dir-up)
 (move-dir pos-7-3 pos-8-3 dir-down)
 (move-dir pos-7-3 pos-7-2 dir-left)
 (move-dir pos-7-3 pos-7-4 dir-right)
 (move-dir pos-7-4 pos-6-4 dir-up)
 (move-dir pos-7-4 pos-8-4 dir-down)
 (move-dir pos-7-4 pos-7-3 dir-left)
 (move-dir pos-7-4 pos-7-5 dir-right)
 (move-dir pos-7-5 pos-6-5 dir-up)
 (move-dir pos-7-5 pos-8-5 dir-down)
 (move-dir pos-7-5 pos-7-4 dir-left)
 (move-dir pos-7-5 pos-7-6 dir-right)
 (move-dir pos-7-6 pos-6-6 dir-up)
 (move-dir pos-7-6 pos-8-6 dir-down)
 (move-dir pos-7-6 pos-7-5 dir-left)
 (move-dir pos-7-6 pos-7-7 dir-right)
 (move-dir pos-7-7 pos-6-7 dir-up)
 (move-dir pos-7-7 pos-8-7 dir-down)
 (move-dir pos-7-7 pos-7-6 dir-left)
 (move-dir pos-7-7 pos-7-8 dir-right)
 (move-dir pos-7-8 pos-6-8 dir-up)
 (move-dir pos-7-8 pos-8-8 dir-down)
 (move-dir pos-7-8 pos-7-7 dir-left)
 (move-dir pos-7-8 pos-7-9 dir-right)
 (move-dir pos-7-9 pos-6-9 dir-up)
 (move-dir pos-7-9 pos-8-9 dir-down)
 (move-dir pos-7-9 pos-7-8 dir-left)
 (move-dir pos-7-9 pos-7-10 dir-right)
 (move-dir pos-7-10 pos-6-10 dir-up)
 (move-dir pos-7-10 pos-8-10 dir-down)
 (move-dir pos-7-10 pos-7-9 dir-left)
 (move-dir pos-7-10 pos-7-11 dir-right)
 (move-dir pos-7-11 pos-6-11 dir-up)
 (move-dir pos-7-11 pos-8-11 dir-down)
 (move-dir pos-7-11 pos-7-10 dir-left)
 (move-dir pos-8-1 pos-7-1 dir-up)
 (move-dir pos-8-1 pos-9-1 dir-down)
 (move-dir pos-8-1 pos-8-2 dir-right)
 (move-dir pos-8-2 pos-7-2 dir-up)
 (move-dir pos-8-2 pos-9-2 dir-down)
 (move-dir pos-8-2 pos-8-1 dir-left)
 (move-dir pos-8-2 pos-8-3 dir-right)
 (move-dir pos-8-3 pos-7-3 dir-up)
 (move-dir pos-8-3 pos-9-3 dir-down)
 (move-dir pos-8-3 pos-8-2 dir-left)
 (move-dir pos-8-3 pos-8-4 dir-right)
 (move-dir pos-8-4 pos-7-4 dir-up)
 (move-dir pos-8-4 pos-9-4 dir-down)
 (move-dir pos-8-4 pos-8-3 dir-left)
 (move-dir pos-8-4 pos-8-5 dir-right)
 (move-dir pos-8-5 pos-7-5 dir-up)
 (move-dir pos-8-5 pos-9-5 dir-down)
 (move-dir pos-8-5 pos-8-4 dir-left)
 (move-dir pos-8-5 pos-8-6 dir-right)
 (move-dir pos-8-6 pos-7-6 dir-up)
 (move-dir pos-8-6 pos-9-6 dir-down)
 (move-dir pos-8-6 pos-8-5 dir-left)
 (move-dir pos-8-6 pos-8-7 dir-right)
 (move-dir pos-8-7 pos-7-7 dir-up)
 (move-dir pos-8-7 pos-9-7 dir-down)
 (move-dir pos-8-7 pos-8-6 dir-left)
 (move-dir pos-8-7 pos-8-8 dir-right)
 (move-dir pos-8-8 pos-7-8 dir-up)
 (move-dir pos-8-8 pos-9-8 dir-down)
 (move-dir pos-8-8 pos-8-7 dir-left)
 (move-dir pos-8-8 pos-8-9 dir-right)
 (move-dir pos-8-9 pos-7-9 dir-up)
 (move-dir pos-8-9 pos-9-9 dir-down)
 (move-dir pos-8-9 pos-8-8 dir-left)
 (move-dir pos-8-9 pos-8-10 dir-right)
 (move-dir pos-8-10 pos-7-10 dir-up)
 (move-dir pos-8-10 pos-9-10 dir-down)
 (move-dir pos-8-10 pos-8-9 dir-left)
 (move-dir pos-8-10 pos-8-11 dir-right)
 (move-dir pos-8-11 pos-7-11 dir-up)
 (move-dir pos-8-11 pos-9-11 dir-down)
 (move-dir pos-8-11 pos-8-10 dir-left)
 (move-dir pos-9-1 pos-8-1 dir-up)
 (move-dir pos-9-1 pos-10-1 dir-down)
 (move-dir pos-9-1 pos-9-2 dir-right)
 (move-dir pos-9-2 pos-8-2 dir-up)
 (move-dir pos-9-2 pos-10-2 dir-down)
 (move-dir pos-9-2 pos-9-1 dir-left)
 (move-dir pos-9-2 pos-9-3 dir-right)
 (move-dir pos-9-3 pos-8-3 dir-up)
 (move-dir pos-9-3 pos-10-3 dir-down)
 (move-dir pos-9-3 pos-9-2 dir-left)
 (move-dir pos-9-3 pos-9-4 dir-right)
 (move-dir pos-9-4 pos-8-4 dir-up)
 (move-dir pos-9-4 pos-10-4 dir-down)
 (move-dir pos-9-4 pos-9-3 dir-left)
 (move-dir pos-9-4 pos-9-5 dir-right)
 (move-dir pos-9-5 pos-8-5 dir-up)
 (move-dir pos-9-5 pos-10-5 dir-down)
 (move-dir pos-9-5 pos-9-4 dir-left)
 (move-dir pos-9-5 pos-9-6 dir-right)
 (move-dir pos-9-6 pos-8-6 dir-up)
 (move-dir pos-9-6 pos-10-6 dir-down)
 (move-dir pos-9-6 pos-9-5 dir-left)
 (move-dir pos-9-6 pos-9-7 dir-right)
 (move-dir pos-9-7 pos-8-7 dir-up)
 (move-dir pos-9-7 pos-10-7 dir-down)
 (move-dir pos-9-7 pos-9-6 dir-left)
 (move-dir pos-9-7 pos-9-8 dir-right)
 (move-dir pos-9-8 pos-8-8 dir-up)
 (move-dir pos-9-8 pos-10-8 dir-down)
 (move-dir pos-9-8 pos-9-7 dir-left)
 (move-dir pos-9-8 pos-9-9 dir-right)
 (move-dir pos-9-9 pos-8-9 dir-up)
 (move-dir pos-9-9 pos-10-9 dir-down)
 (move-dir pos-9-9 pos-9-8 dir-left)
 (move-dir pos-9-9 pos-9-10 dir-right)
 (move-dir pos-9-10 pos-8-10 dir-up)
 (move-dir pos-9-10 pos-10-10 dir-down)
 (move-dir pos-9-10 pos-9-9 dir-left)
 (move-dir pos-9-10 pos-9-11 dir-right)
 (move-dir pos-9-11 pos-8-11 dir-up)
 (move-dir pos-9-11 pos-10-11 dir-down)
 (move-dir pos-9-11 pos-9-10 dir-left)
 (move-dir pos-10-1 pos-9-1 dir-up)
 (move-dir pos-10-1 pos-11-1 dir-down)
 (move-dir pos-10-1 pos-10-2 dir-right)
 (move-dir pos-10-2 pos-9-2 dir-up)
 (move-dir pos-10-2 pos-11-2 dir-down)
 (move-dir pos-10-2 pos-10-1 dir-left)
 (move-dir pos-10-2 pos-10-3 dir-right)
 (move-dir pos-10-3 pos-9-3 dir-up)
 (move-dir pos-10-3 pos-11-3 dir-down)
 (move-dir pos-10-3 pos-10-2 dir-left)
 (move-dir pos-10-3 pos-10-4 dir-right)
 (move-dir pos-10-4 pos-9-4 dir-up)
 (move-dir pos-10-4 pos-11-4 dir-down)
 (move-dir pos-10-4 pos-10-3 dir-left)
 (move-dir pos-10-4 pos-10-5 dir-right)
 (move-dir pos-10-5 pos-9-5 dir-up)
 (move-dir pos-10-5 pos-11-5 dir-down)
 (move-dir pos-10-5 pos-10-4 dir-left)
 (move-dir pos-10-5 pos-10-6 dir-right)
 (move-dir pos-10-6 pos-9-6 dir-up)
 (move-dir pos-10-6 pos-11-6 dir-down)
 (move-dir pos-10-6 pos-10-5 dir-left)
 (move-dir pos-10-6 pos-10-7 dir-right)
 (move-dir pos-10-7 pos-9-7 dir-up)
 (move-dir pos-10-7 pos-11-7 dir-down)
 (move-dir pos-10-7 pos-10-6 dir-left)
 (move-dir pos-10-7 pos-10-8 dir-right)
 (move-dir pos-10-8 pos-9-8 dir-up)
 (move-dir pos-10-8 pos-11-8 dir-down)
 (move-dir pos-10-8 pos-10-7 dir-left)
 (move-dir pos-10-8 pos-10-9 dir-right)
 (move-dir pos-10-9 pos-9-9 dir-up)
 (move-dir pos-10-9 pos-11-9 dir-down)
 (move-dir pos-10-9 pos-10-8 dir-left)
 (move-dir pos-10-9 pos-10-10 dir-right)
 (move-dir pos-10-10 pos-9-10 dir-up)
 (move-dir pos-10-10 pos-11-10 dir-down)
 (move-dir pos-10-10 pos-10-9 dir-left)
 (move-dir pos-10-10 pos-10-11 dir-right)
 (move-dir pos-10-11 pos-9-11 dir-up)
 (move-dir pos-10-11 pos-11-11 dir-down)
 (move-dir pos-10-11 pos-10-10 dir-left)
 (move-dir pos-11-1 pos-10-1 dir-up)
 (move-dir pos-11-1 pos-12-1 dir-down)
 (move-dir pos-11-1 pos-11-2 dir-right)
 (move-dir pos-11-2 pos-10-2 dir-up)
 (move-dir pos-11-2 pos-12-2 dir-down)
 (move-dir pos-11-2 pos-11-1 dir-left)
 (move-dir pos-11-2 pos-11-3 dir-right)
 (move-dir pos-11-3 pos-10-3 dir-up)
 (move-dir pos-11-3 pos-12-3 dir-down)
 (move-dir pos-11-3 pos-11-2 dir-left)
 (move-dir pos-11-3 pos-11-4 dir-right)
 (move-dir pos-11-4 pos-10-4 dir-up)
 (move-dir pos-11-4 pos-12-4 dir-down)
 (move-dir pos-11-4 pos-11-3 dir-left)
 (move-dir pos-11-4 pos-11-5 dir-right)
 (move-dir pos-11-5 pos-10-5 dir-up)
 (move-dir pos-11-5 pos-12-5 dir-down)
 (move-dir pos-11-5 pos-11-4 dir-left)
 (move-dir pos-11-5 pos-11-6 dir-right)
 (move-dir pos-11-6 pos-10-6 dir-up)
 (move-dir pos-11-6 pos-12-6 dir-down)
 (move-dir pos-11-6 pos-11-5 dir-left)
 (move-dir pos-11-6 pos-11-7 dir-right)
 (move-dir pos-11-7 pos-10-7 dir-up)
 (move-dir pos-11-7 pos-12-7 dir-down)
 (move-dir pos-11-7 pos-11-6 dir-left)
 (move-dir pos-11-7 pos-11-8 dir-right)
 (move-dir pos-11-8 pos-10-8 dir-up)
 (move-dir pos-11-8 pos-12-8 dir-down)
 (move-dir pos-11-8 pos-11-7 dir-left)
 (move-dir pos-11-8 pos-11-9 dir-right)
 (move-dir pos-11-9 pos-10-9 dir-up)
 (move-dir pos-11-9 pos-12-9 dir-down)
 (move-dir pos-11-9 pos-11-8 dir-left)
 (move-dir pos-11-9 pos-11-10 dir-right)
 (move-dir pos-11-10 pos-10-10 dir-up)
 (move-dir pos-11-10 pos-12-10 dir-down)
 (move-dir pos-11-10 pos-11-9 dir-left)
 (move-dir pos-11-10 pos-11-11 dir-right)
 (move-dir pos-11-11 pos-10-11 dir-up)
 (move-dir pos-11-11 pos-12-11 dir-down)
 (move-dir pos-11-11 pos-11-10 dir-left)
 (move-dir pos-12-1 pos-11-1 dir-up)
 (move-dir pos-12-1 pos-13-1 dir-down)
 (move-dir pos-12-1 pos-12-2 dir-right)
 (move-dir pos-12-2 pos-11-2 dir-up)
 (move-dir pos-12-2 pos-13-2 dir-down)
 (move-dir pos-12-2 pos-12-1 dir-left)
 (move-dir pos-12-2 pos-12-3 dir-right)
 (move-dir pos-12-3 pos-11-3 dir-up)
 (move-dir pos-12-3 pos-13-3 dir-down)
 (move-dir pos-12-3 pos-12-2 dir-left)
 (move-dir pos-12-3 pos-12-4 dir-right)
 (move-dir pos-12-4 pos-11-4 dir-up)
 (move-dir pos-12-4 pos-13-4 dir-down)
 (move-dir pos-12-4 pos-12-3 dir-left)
 (move-dir pos-12-4 pos-12-5 dir-right)
 (move-dir pos-12-5 pos-11-5 dir-up)
 (move-dir pos-12-5 pos-13-5 dir-down)
 (move-dir pos-12-5 pos-12-4 dir-left)
 (move-dir pos-12-5 pos-12-6 dir-right)
 (move-dir pos-12-6 pos-11-6 dir-up)
 (move-dir pos-12-6 pos-13-6 dir-down)
 (move-dir pos-12-6 pos-12-5 dir-left)
 (move-dir pos-12-6 pos-12-7 dir-right)
 (move-dir pos-12-7 pos-11-7 dir-up)
 (move-dir pos-12-7 pos-13-7 dir-down)
 (move-dir pos-12-7 pos-12-6 dir-left)
 (move-dir pos-12-7 pos-12-8 dir-right)
 (move-dir pos-12-8 pos-11-8 dir-up)
 (move-dir pos-12-8 pos-13-8 dir-down)
 (move-dir pos-12-8 pos-12-7 dir-left)
 (move-dir pos-12-8 pos-12-9 dir-right)
 (move-dir pos-12-9 pos-11-9 dir-up)
 (move-dir pos-12-9 pos-13-9 dir-down)
 (move-dir pos-12-9 pos-12-8 dir-left)
 (move-dir pos-12-9 pos-12-10 dir-right)
 (move-dir pos-12-10 pos-11-10 dir-up)
 (move-dir pos-12-10 pos-13-10 dir-down)
 (move-dir pos-12-10 pos-12-9 dir-left)
 (move-dir pos-12-10 pos-12-11 dir-right)
 (move-dir pos-12-11 pos-11-11 dir-up)
 (move-dir pos-12-11 pos-13-11 dir-down)
 (move-dir pos-12-11 pos-12-10 dir-left)
 (move-dir pos-13-1 pos-12-1 dir-up)
 (move-dir pos-13-1 pos-13-2 dir-right)
 (move-dir pos-13-2 pos-12-2 dir-up)
 (move-dir pos-13-2 pos-13-1 dir-left)
 (move-dir pos-13-2 pos-13-3 dir-right)
 (move-dir pos-13-3 pos-12-3 dir-up)
 (move-dir pos-13-3 pos-13-2 dir-left)
 (move-dir pos-13-3 pos-13-4 dir-right)
 (move-dir pos-13-4 pos-12-4 dir-up)
 (move-dir pos-13-4 pos-13-3 dir-left)
 (move-dir pos-13-4 pos-13-5 dir-right)
 (move-dir pos-13-5 pos-12-5 dir-up)
 (move-dir pos-13-5 pos-13-4 dir-left)
 (move-dir pos-13-5 pos-13-6 dir-right)
 (move-dir pos-13-6 pos-12-6 dir-up)
 (move-dir pos-13-6 pos-13-5 dir-left)
 (move-dir pos-13-6 pos-13-7 dir-right)
 (move-dir pos-13-7 pos-12-7 dir-up)
 (move-dir pos-13-7 pos-13-6 dir-left)
 (move-dir pos-13-7 pos-13-8 dir-right)
 (move-dir pos-13-8 pos-12-8 dir-up)
 (move-dir pos-13-8 pos-13-7 dir-left)
 (move-dir pos-13-8 pos-13-9 dir-right)
 (move-dir pos-13-9 pos-12-9 dir-up)
 (move-dir pos-13-9 pos-13-8 dir-left)
 (move-dir pos-13-9 pos-13-10 dir-right)
 (move-dir pos-13-10 pos-12-10 dir-up)
 (move-dir pos-13-10 pos-13-9 dir-left)
 (move-dir pos-13-10 pos-13-11 dir-right)
 (move-dir pos-13-11 pos-12-11 dir-up)
 (move-dir pos-13-11 pos-13-10 dir-left)
)
Goal impossible
Number of rational paths to goal 0: 0
