=== Log started at 2025-03-20 14:55:12 ===
## Behaviour Generator: DirectedBehaviourGenerator{type=Directed}



## Initial state:
(and (clear d)
 (ontable d)
 (handempty)
 (clear b)
 (ontable b)
 (clear a)
 (ontable a)
 (clear c)
 (ontable c)
)
## Action Made:
Action pick-up
Instantiations:
?X0 - block : d 
Preconditions:
(and (clear d)
  (ontable d)
  (handempty))
Effects:
(and (holding d)
  (not (clear d)
  (not (ontable d)
  (not (handempty))

## New State:
(and (holding d)
 (clear b)
 (ontable b)
 (clear a)
 (ontable a)
 (clear c)
 (ontable c)
)



## Action Made:
Action stack
Instantiations:
?X0 - block : d 
?X1 - block : c 
Preconditions:
(and (holding d)
  (clear c))
Effects:
(and (clear d)
  (handempty)
  (on d c)
  (not (holding d)
  (not (clear c))

## New State:
(and (clear d)
 (handempty)
 (clear b)
 (ontable b)
 (clear a)
 (ontable a)
 (ontable c)
 (on d c)
)



## Action Made:
Action pick-up
Instantiations:
?X0 - block : a 
Preconditions:
(and (handempty)
  (clear a)
  (ontable a))
Effects:
(and (holding a)
  (not (handempty)
  (not (clear a)
  (not (ontable a))

## New State:
(and (clear d)
 (clear b)
 (ontable b)
 (holding a)
 (ontable c)
 (on d c)
)



## Action Made:
Action stack
Instantiations:
?X0 - block : a 
?X1 - block : b 
Preconditions:
(and (clear b)
  (holding a))
Effects:
(and (handempty)
  (clear a)
  (on a b)
  (not (clear b)
  (not (holding a))

## New State:
(and (clear d)
 (handempty)
 (ontable b)
 (clear a)
 (ontable c)
 (on d c)
 (on a b)
)



## Action Made:
Action unstack
Instantiations:
?X0 - block : d 
?X1 - block : c 
Preconditions:
(and (clear d)
  (handempty)
  (on d c))
Effects:
(and (holding d)
  (clear c)
  (not (clear d)
  (not (handempty)
  (not (on d c))

## New State:
(and (holding d)
 (ontable b)
 (clear a)
 (clear c)
 (ontable c)
 (on a b)
)



## Action Made:
Action stack
Instantiations:
?X0 - block : d 
?X1 - block : a 
Preconditions:
(and (holding d)
  (clear a))
Effects:
(and (clear d)
  (handempty)
  (on d a)
  (not (holding d)
  (not (clear a))

## New State:
(and (clear d)
 (handempty)
 (ontable b)
 (clear c)
 (ontable c)
 (on d a)
 (on a b)
)



## Action Made:
Action pick-up
Instantiations:
?X0 - block : c 
Preconditions:
(and (handempty)
  (clear c)
  (ontable c))
Effects:
(and (holding c)
  (not (handempty)
  (not (clear c)
  (not (ontable c))

## New State:
(and (clear d)
 (ontable b)
 (holding c)
 (on d a)
 (on a b)
)



## Action Made:
Action stack
Instantiations:
?X0 - block : c 
?X1 - block : d 
Preconditions:
(and (clear d)
  (holding c))
Effects:
(and (handempty)
  (clear c)
  (on c d)
  (not (clear d)
  (not (holding c))

## New State:
(and (handempty)
 (ontable b)
 (clear c)
 (on d a)
 (on a b)
 (on c d)
)



Execution terminated: No more valid actions
Final state:
(and (handempty)
 (ontable b)
 (clear c)
 (on d a)
 (on a b)
 (on c d)
)
