=== Log started at 2025-03-20 14:55:13 ===
## Behaviour Generator: PurposelessSuspiciousBehaviourGenerator{type=Purposeless, epsilon=4, stepsBeforeOptimal=30}



## Initial state:
(and (clear d)
 (ontable d)
 (handempty)
 (clear b)
 (ontable b)
 (clear a)
 (ontable a)
 (clear c)
 (ontable c)
)
## Action Made:
Action pick-up
Instantiations:
?X0 - block : b 
Preconditions:
(and (handempty)
  (clear b)
  (ontable b))
Effects:
(and (holding b)
  (not (handempty)
  (not (clear b)
  (not (ontable b))

## New State:
(and (clear d)
 (ontable d)
 (holding b)
 (clear a)
 (ontable a)
 (clear c)
 (ontable c)
)



## Action Made:
Action stack
Instantiations:
?X0 - block : b 
?X1 - block : a 
Preconditions:
(and (holding b)
  (clear a))
Effects:
(and (handempty)
  (clear b)
  (on b a)
  (not (holding b)
  (not (clear a))

## New State:
(and (clear d)
 (ontable d)
 (handempty)
 (clear b)
 (ontable a)
 (clear c)
 (ontable c)
 (on b a)
)



## Action Made:
Action pick-up
Instantiations:
?X0 - block : c 
Preconditions:
(and (handempty)
  (clear c)
  (ontable c))
Effects:
(and (holding c)
  (not (handempty)
  (not (clear c)
  (not (ontable c))

## New State:
(and (clear d)
 (ontable d)
 (clear b)
 (ontable a)
 (holding c)
 (on b a)
)



## Action Made:
Action stack
Instantiations:
?X0 - block : c 
?X1 - block : b 
Preconditions:
(and (clear b)
  (holding c))
Effects:
(and (handempty)
  (clear c)
  (on c b)
  (not (clear b)
  (not (holding c))

## New State:
(and (clear d)
 (ontable d)
 (handempty)
 (ontable a)
 (clear c)
 (on b a)
 (on c b)
)



## Action Made:
Action pick-up
Instantiations:
?X0 - block : d 
Preconditions:
(and (clear d)
  (ontable d)
  (handempty))
Effects:
(and (holding d)
  (not (clear d)
  (not (ontable d)
  (not (handempty))

## New State:
(and (holding d)
 (ontable a)
 (clear c)
 (on b a)
 (on c b)
)



## Action Made:
Action put-down
Instantiations:
?X0 - block : d 
Preconditions:
(and (holding d))
Effects:
(and (clear d)
  (ontable d)
  (handempty)
  (not (holding d))

## New State:
(and (clear d)
 (ontable d)
 (handempty)
 (ontable a)
 (clear c)
 (on b a)
 (on c b)
)



## Action Made:
Action unstack
Instantiations:
?X0 - block : c 
?X1 - block : b 
Preconditions:
(and (handempty)
  (clear c)
  (on c b))
Effects:
(and (clear b)
  (holding c)
  (not (handempty)
  (not (clear c)
  (not (on c b))

## New State:
(and (clear d)
 (ontable d)
 (clear b)
 (ontable a)
 (holding c)
 (on b a)
)



## Action Made:
Action stack
Instantiations:
?X0 - block : c 
?X1 - block : b 
Preconditions:
(and (clear b)
  (holding c))
Effects:
(and (handempty)
  (clear c)
  (on c b)
  (not (clear b)
  (not (holding c))

## New State:
(and (clear d)
 (ontable d)
 (handempty)
 (ontable a)
 (clear c)
 (on b a)
 (on c b)
)



## Action Made:
Action unstack
Instantiations:
?X0 - block : c 
?X1 - block : b 
Preconditions:
(and (handempty)
  (clear c)
  (on c b))
Effects:
(and (clear b)
  (holding c)
  (not (handempty)
  (not (clear c)
  (not (on c b))

## New State:
(and (clear d)
 (ontable d)
 (clear b)
 (ontable a)
 (holding c)
 (on b a)
)



## Action Made:
Action put-down
Instantiations:
?X0 - block : c 
Preconditions:
(and (holding c))
Effects:
(and (handempty)
  (clear c)
  (ontable c)
  (not (holding c))

## New State:
(and (clear d)
 (ontable d)
 (handempty)
 (clear b)
 (ontable a)
 (clear c)
 (ontable c)
 (on b a)
)



## Action Made:
Action pick-up
Instantiations:
?X0 - block : c 
Preconditions:
(and (handempty)
  (clear c)
  (ontable c))
Effects:
(and (holding c)
  (not (handempty)
  (not (clear c)
  (not (ontable c))

## New State:
(and (clear d)
 (ontable d)
 (clear b)
 (ontable a)
 (holding c)
 (on b a)
)



## Action Made:
Action put-down
Instantiations:
?X0 - block : c 
Preconditions:
(and (holding c))
Effects:
(and (handempty)
  (clear c)
  (ontable c)
  (not (holding c))

## New State:
(and (clear d)
 (ontable d)
 (handempty)
 (clear b)
 (ontable a)
 (clear c)
 (ontable c)
 (on b a)
)



## Action Made:
Action pick-up
Instantiations:
?X0 - block : c 
Preconditions:
(and (handempty)
  (clear c)
  (ontable c))
Effects:
(and (holding c)
  (not (handempty)
  (not (clear c)
  (not (ontable c))

## New State:
(and (clear d)
 (ontable d)
 (clear b)
 (ontable a)
 (holding c)
 (on b a)
)



## Action Made:
Action stack
Instantiations:
?X0 - block : c 
?X1 - block : b 
Preconditions:
(and (clear b)
  (holding c))
Effects:
(and (handempty)
  (clear c)
  (on c b)
  (not (clear b)
  (not (holding c))

## New State:
(and (clear d)
 (ontable d)
 (handempty)
 (ontable a)
 (clear c)
 (on b a)
 (on c b)
)



## Action Made:
Action pick-up
Instantiations:
?X0 - block : d 
Preconditions:
(and (clear d)
  (ontable d)
  (handempty))
Effects:
(and (holding d)
  (not (clear d)
  (not (ontable d)
  (not (handempty))

## New State:
(and (holding d)
 (ontable a)
 (clear c)
 (on b a)
 (on c b)
)



## Action Made:
Action put-down
Instantiations:
?X0 - block : d 
Preconditions:
(and (holding d))
Effects:
(and (clear d)
  (ontable d)
  (handempty)
  (not (holding d))

## New State:
(and (clear d)
 (ontable d)
 (handempty)
 (ontable a)
 (clear c)
 (on b a)
 (on c b)
)



## Action Made:
Action pick-up
Instantiations:
?X0 - block : d 
Preconditions:
(and (clear d)
  (ontable d)
  (handempty))
Effects:
(and (holding d)
  (not (clear d)
  (not (ontable d)
  (not (handempty))

## New State:
(and (holding d)
 (ontable a)
 (clear c)
 (on b a)
 (on c b)
)



## Action Made:
Action put-down
Instantiations:
?X0 - block : d 
Preconditions:
(and (holding d))
Effects:
(and (clear d)
  (ontable d)
  (handempty)
  (not (holding d))

## New State:
(and (clear d)
 (ontable d)
 (handempty)
 (ontable a)
 (clear c)
 (on b a)
 (on c b)
)



## Action Made:
Action unstack
Instantiations:
?X0 - block : c 
?X1 - block : b 
Preconditions:
(and (handempty)
  (clear c)
  (on c b))
Effects:
(and (clear b)
  (holding c)
  (not (handempty)
  (not (clear c)
  (not (on c b))

## New State:
(and (clear d)
 (ontable d)
 (clear b)
 (ontable a)
 (holding c)
 (on b a)
)



## Action Made:
Action stack
Instantiations:
?X0 - block : c 
?X1 - block : d 
Preconditions:
(and (clear d)
  (holding c))
Effects:
(and (handempty)
  (clear c)
  (on c d)
  (not (clear d)
  (not (holding c))

## New State:
(and (ontable d)
 (handempty)
 (clear b)
 (ontable a)
 (clear c)
 (on b a)
 (on c d)
)



## Action Made:
Action unstack
Instantiations:
?X0 - block : c 
?X1 - block : d 
Preconditions:
(and (handempty)
  (clear c)
  (on c d))
Effects:
(and (clear d)
  (holding c)
  (not (handempty)
  (not (clear c)
  (not (on c d))

## New State:
(and (clear d)
 (ontable d)
 (clear b)
 (ontable a)
 (holding c)
 (on b a)
)



## Action Made:
Action stack
Instantiations:
?X0 - block : c 
?X1 - block : d 
Preconditions:
(and (clear d)
  (holding c))
Effects:
(and (handempty)
  (clear c)
  (on c d)
  (not (clear d)
  (not (holding c))

## New State:
(and (ontable d)
 (handempty)
 (clear b)
 (ontable a)
 (clear c)
 (on b a)
 (on c d)
)



## Action Made:
Action unstack
Instantiations:
?X0 - block : c 
?X1 - block : d 
Preconditions:
(and (handempty)
  (clear c)
  (on c d))
Effects:
(and (clear d)
  (holding c)
  (not (handempty)
  (not (clear c)
  (not (on c d))

## New State:
(and (clear d)
 (ontable d)
 (clear b)
 (ontable a)
 (holding c)
 (on b a)
)



## Action Made:
Action stack
Instantiations:
?X0 - block : c 
?X1 - block : d 
Preconditions:
(and (clear d)
  (holding c))
Effects:
(and (handempty)
  (clear c)
  (on c d)
  (not (clear d)
  (not (holding c))

## New State:
(and (ontable d)
 (handempty)
 (clear b)
 (ontable a)
 (clear c)
 (on b a)
 (on c d)
)



## Action Made:
Action unstack
Instantiations:
?X0 - block : c 
?X1 - block : d 
Preconditions:
(and (handempty)
  (clear c)
  (on c d))
Effects:
(and (clear d)
  (holding c)
  (not (handempty)
  (not (clear c)
  (not (on c d))

## New State:
(and (clear d)
 (ontable d)
 (clear b)
 (ontable a)
 (holding c)
 (on b a)
)



## Action Made:
Action stack
Instantiations:
?X0 - block : c 
?X1 - block : b 
Preconditions:
(and (clear b)
  (holding c))
Effects:
(and (handempty)
  (clear c)
  (on c b)
  (not (clear b)
  (not (holding c))

## New State:
(and (clear d)
 (ontable d)
 (handempty)
 (ontable a)
 (clear c)
 (on b a)
 (on c b)
)



## Action Made:
Action pick-up
Instantiations:
?X0 - block : d 
Preconditions:
(and (clear d)
  (ontable d)
  (handempty))
Effects:
(and (holding d)
  (not (clear d)
  (not (ontable d)
  (not (handempty))

## New State:
(and (holding d)
 (ontable a)
 (clear c)
 (on b a)
 (on c b)
)



## Action Made:
Action put-down
Instantiations:
?X0 - block : d 
Preconditions:
(and (holding d))
Effects:
(and (clear d)
  (ontable d)
  (handempty)
  (not (holding d))

## New State:
(and (clear d)
 (ontable d)
 (handempty)
 (ontable a)
 (clear c)
 (on b a)
 (on c b)
)



## Action Made:
Action pick-up
Instantiations:
?X0 - block : d 
Preconditions:
(and (clear d)
  (ontable d)
  (handempty))
Effects:
(and (holding d)
  (not (clear d)
  (not (ontable d)
  (not (handempty))

## New State:
(and (holding d)
 (ontable a)
 (clear c)
 (on b a)
 (on c b)
)



## Action Made:
Action put-down
Instantiations:
?X0 - block : d 
Preconditions:
(and (holding d))
Effects:
(and (clear d)
  (ontable d)
  (handempty)
  (not (holding d))

## New State:
(and (clear d)
 (ontable d)
 (handempty)
 (ontable a)
 (clear c)
 (on b a)
 (on c b)
)



Final state:
(and (clear d)
 (ontable d)
 (handempty)
 (ontable a)
 (clear c)
 (on b a)
 (on c b)
)
