=== Log started at 2025-04-15 17:53:48 ===
## Behaviour Generator: PurposelessSuspiciousBehaviourGenerator{type=Purposeless, epsilon=8, stepsBeforeOptimal=30}



## Initial state:
(and (clear e)
 (ontable e)
 (handempty)
 (clear f)
 (ontable f)
 (clear d)
 (ontable d)
 (clear b)
 (ontable b)
 (clear a)
 (ontable a)
 (clear c)
 (ontable c)
)
## Action Made:
Action pick-up
Instantiations:
?X0 - block : e 
Preconditions:
(and (clear e)
  (ontable e)
  (handempty))
Effects:
(and (holding e)
  (not (clear e)
  (not (ontable e)
  (not (handempty))

## New State:
(and (holding e)
 (clear f)
 (ontable f)
 (clear d)
 (ontable d)
 (clear b)
 (ontable b)
 (clear a)
 (ontable a)
 (clear c)
 (ontable c)
)



## Action Made:
Action stack
Instantiations:
?X0 - block : e 
?X1 - block : f 
Preconditions:
(and (holding e)
  (clear f))
Effects:
(and (clear e)
  (handempty)
  (on e f)
  (not (holding e)
  (not (clear f))

## New State:
(and (clear e)
 (handempty)
 (ontable f)
 (clear d)
 (ontable d)
 (clear b)
 (ontable b)
 (clear a)
 (ontable a)
 (clear c)
 (ontable c)
 (on e f)
)



## Action Made:
Action pick-up
Instantiations:
?X0 - block : d 
Preconditions:
(and (handempty)
  (clear d)
  (ontable d))
Effects:
(and (holding d)
  (not (handempty)
  (not (clear d)
  (not (ontable d))

## New State:
(and (clear e)
 (ontable f)
 (holding d)
 (clear b)
 (ontable b)
 (clear a)
 (ontable a)
 (clear c)
 (ontable c)
 (on e f)
)



## Action Made:
Action stack
Instantiations:
?X0 - block : d 
?X1 - block : c 
Preconditions:
(and (holding d)
  (clear c))
Effects:
(and (handempty)
  (clear d)
  (on d c)
  (not (holding d)
  (not (clear c))

## New State:
(and (clear e)
 (handempty)
 (ontable f)
 (clear d)
 (clear b)
 (ontable b)
 (clear a)
 (ontable a)
 (ontable c)
 (on e f)
 (on d c)
)



## Action Made:
Action unstack
Instantiations:
?X0 - block : d 
?X1 - block : c 
Preconditions:
(and (handempty)
  (clear d)
  (on d c))
Effects:
(and (holding d)
  (clear c)
  (not (handempty)
  (not (clear d)
  (not (on d c))

## New State:
(and (clear e)
 (ontable f)
 (holding d)
 (clear b)
 (ontable b)
 (clear a)
 (ontable a)
 (clear c)
 (ontable c)
 (on e f)
)



## Action Made:
Action stack
Instantiations:
?X0 - block : d 
?X1 - block : a 
Preconditions:
(and (holding d)
  (clear a))
Effects:
(and (handempty)
  (clear d)
  (on d a)
  (not (holding d)
  (not (clear a))

## New State:
(and (clear e)
 (handempty)
 (ontable f)
 (clear d)
 (clear b)
 (ontable b)
 (ontable a)
 (clear c)
 (ontable c)
 (on e f)
 (on d a)
)



## Action Made:
Action unstack
Instantiations:
?X0 - block : d 
?X1 - block : a 
Preconditions:
(and (handempty)
  (clear d)
  (on d a))
Effects:
(and (holding d)
  (clear a)
  (not (handempty)
  (not (clear d)
  (not (on d a))

## New State:
(and (clear e)
 (ontable f)
 (holding d)
 (clear b)
 (ontable b)
 (clear a)
 (ontable a)
 (clear c)
 (ontable c)
 (on e f)
)



## Action Made:
Action put-down
Instantiations:
?X0 - block : d 
Preconditions:
(and (holding d))
Effects:
(and (handempty)
  (clear d)
  (ontable d)
  (not (holding d))

## New State:
(and (clear e)
 (handempty)
 (ontable f)
 (clear d)
 (ontable d)
 (clear b)
 (ontable b)
 (clear a)
 (ontable a)
 (clear c)
 (ontable c)
 (on e f)
)



## Action Made:
Action pick-up
Instantiations:
?X0 - block : d 
Preconditions:
(and (handempty)
  (clear d)
  (ontable d))
Effects:
(and (holding d)
  (not (handempty)
  (not (clear d)
  (not (ontable d))

## New State:
(and (clear e)
 (ontable f)
 (holding d)
 (clear b)
 (ontable b)
 (clear a)
 (ontable a)
 (clear c)
 (ontable c)
 (on e f)
)



## Action Made:
Action stack
Instantiations:
?X0 - block : d 
?X1 - block : c 
Preconditions:
(and (holding d)
  (clear c))
Effects:
(and (handempty)
  (clear d)
  (on d c)
  (not (holding d)
  (not (clear c))

## New State:
(and (clear e)
 (handempty)
 (ontable f)
 (clear d)
 (clear b)
 (ontable b)
 (clear a)
 (ontable a)
 (ontable c)
 (on e f)
 (on d c)
)



## Action Made:
Action unstack
Instantiations:
?X0 - block : d 
?X1 - block : c 
Preconditions:
(and (handempty)
  (clear d)
  (on d c))
Effects:
(and (holding d)
  (clear c)
  (not (handempty)
  (not (clear d)
  (not (on d c))

## New State:
(and (clear e)
 (ontable f)
 (holding d)
 (clear b)
 (ontable b)
 (clear a)
 (ontable a)
 (clear c)
 (ontable c)
 (on e f)
)



## Action Made:
Action stack
Instantiations:
?X0 - block : d 
?X1 - block : a 
Preconditions:
(and (holding d)
  (clear a))
Effects:
(and (handempty)
  (clear d)
  (on d a)
  (not (holding d)
  (not (clear a))

## New State:
(and (clear e)
 (handempty)
 (ontable f)
 (clear d)
 (clear b)
 (ontable b)
 (ontable a)
 (clear c)
 (ontable c)
 (on e f)
 (on d a)
)



## Action Made:
Action unstack
Instantiations:
?X0 - block : d 
?X1 - block : a 
Preconditions:
(and (handempty)
  (clear d)
  (on d a))
Effects:
(and (holding d)
  (clear a)
  (not (handempty)
  (not (clear d)
  (not (on d a))

## New State:
(and (clear e)
 (ontable f)
 (holding d)
 (clear b)
 (ontable b)
 (clear a)
 (ontable a)
 (clear c)
 (ontable c)
 (on e f)
)



## Action Made:
Action stack
Instantiations:
?X0 - block : d 
?X1 - block : a 
Preconditions:
(and (holding d)
  (clear a))
Effects:
(and (handempty)
  (clear d)
  (on d a)
  (not (holding d)
  (not (clear a))

## New State:
(and (clear e)
 (handempty)
 (ontable f)
 (clear d)
 (clear b)
 (ontable b)
 (ontable a)
 (clear c)
 (ontable c)
 (on e f)
 (on d a)
)



## Action Made:
Action unstack
Instantiations:
?X0 - block : d 
?X1 - block : a 
Preconditions:
(and (handempty)
  (clear d)
  (on d a))
Effects:
(and (holding d)
  (clear a)
  (not (handempty)
  (not (clear d)
  (not (on d a))

## New State:
(and (clear e)
 (ontable f)
 (holding d)
 (clear b)
 (ontable b)
 (clear a)
 (ontable a)
 (clear c)
 (ontable c)
 (on e f)
)



## Action Made:
Action stack
Instantiations:
?X0 - block : d 
?X1 - block : b 
Preconditions:
(and (holding d)
  (clear b))
Effects:
(and (handempty)
  (clear d)
  (on d b)
  (not (holding d)
  (not (clear b))

## New State:
(and (clear e)
 (handempty)
 (ontable f)
 (clear d)
 (ontable b)
 (clear a)
 (ontable a)
 (clear c)
 (ontable c)
 (on e f)
 (on d b)
)



## Action Made:
Action unstack
Instantiations:
?X0 - block : d 
?X1 - block : b 
Preconditions:
(and (handempty)
  (clear d)
  (on d b))
Effects:
(and (holding d)
  (clear b)
  (not (handempty)
  (not (clear d)
  (not (on d b))

## New State:
(and (clear e)
 (ontable f)
 (holding d)
 (clear b)
 (ontable b)
 (clear a)
 (ontable a)
 (clear c)
 (ontable c)
 (on e f)
)



## Action Made:
Action put-down
Instantiations:
?X0 - block : d 
Preconditions:
(and (holding d))
Effects:
(and (handempty)
  (clear d)
  (ontable d)
  (not (holding d))

## New State:
(and (clear e)
 (handempty)
 (ontable f)
 (clear d)
 (ontable d)
 (clear b)
 (ontable b)
 (clear a)
 (ontable a)
 (clear c)
 (ontable c)
 (on e f)
)



## Action Made:
Action pick-up
Instantiations:
?X0 - block : d 
Preconditions:
(and (handempty)
  (clear d)
  (ontable d))
Effects:
(and (holding d)
  (not (handempty)
  (not (clear d)
  (not (ontable d))

## New State:
(and (clear e)
 (ontable f)
 (holding d)
 (clear b)
 (ontable b)
 (clear a)
 (ontable a)
 (clear c)
 (ontable c)
 (on e f)
)



## Action Made:
Action stack
Instantiations:
?X0 - block : d 
?X1 - block : b 
Preconditions:
(and (holding d)
  (clear b))
Effects:
(and (handempty)
  (clear d)
  (on d b)
  (not (holding d)
  (not (clear b))

## New State:
(and (clear e)
 (handempty)
 (ontable f)
 (clear d)
 (ontable b)
 (clear a)
 (ontable a)
 (clear c)
 (ontable c)
 (on e f)
 (on d b)
)



## Action Made:
Action unstack
Instantiations:
?X0 - block : d 
?X1 - block : b 
Preconditions:
(and (handempty)
  (clear d)
  (on d b))
Effects:
(and (holding d)
  (clear b)
  (not (handempty)
  (not (clear d)
  (not (on d b))

## New State:
(and (clear e)
 (ontable f)
 (holding d)
 (clear b)
 (ontable b)
 (clear a)
 (ontable a)
 (clear c)
 (ontable c)
 (on e f)
)



## Action Made:
Action stack
Instantiations:
?X0 - block : d 
?X1 - block : b 
Preconditions:
(and (holding d)
  (clear b))
Effects:
(and (handempty)
  (clear d)
  (on d b)
  (not (holding d)
  (not (clear b))

## New State:
(and (clear e)
 (handempty)
 (ontable f)
 (clear d)
 (ontable b)
 (clear a)
 (ontable a)
 (clear c)
 (ontable c)
 (on e f)
 (on d b)
)



## Action Made:
Action unstack
Instantiations:
?X0 - block : d 
?X1 - block : b 
Preconditions:
(and (handempty)
  (clear d)
  (on d b))
Effects:
(and (holding d)
  (clear b)
  (not (handempty)
  (not (clear d)
  (not (on d b))

## New State:
(and (clear e)
 (ontable f)
 (holding d)
 (clear b)
 (ontable b)
 (clear a)
 (ontable a)
 (clear c)
 (ontable c)
 (on e f)
)



## Action Made:
Action stack
Instantiations:
?X0 - block : d 
?X1 - block : b 
Preconditions:
(and (holding d)
  (clear b))
Effects:
(and (handempty)
  (clear d)
  (on d b)
  (not (holding d)
  (not (clear b))

## New State:
(and (clear e)
 (handempty)
 (ontable f)
 (clear d)
 (ontable b)
 (clear a)
 (ontable a)
 (clear c)
 (ontable c)
 (on e f)
 (on d b)
)



## Action Made:
Action unstack
Instantiations:
?X0 - block : d 
?X1 - block : b 
Preconditions:
(and (handempty)
  (clear d)
  (on d b))
Effects:
(and (holding d)
  (clear b)
  (not (handempty)
  (not (clear d)
  (not (on d b))

## New State:
(and (clear e)
 (ontable f)
 (holding d)
 (clear b)
 (ontable b)
 (clear a)
 (ontable a)
 (clear c)
 (ontable c)
 (on e f)
)



## Action Made:
Action put-down
Instantiations:
?X0 - block : d 
Preconditions:
(and (holding d))
Effects:
(and (handempty)
  (clear d)
  (ontable d)
  (not (holding d))

## New State:
(and (clear e)
 (handempty)
 (ontable f)
 (clear d)
 (ontable d)
 (clear b)
 (ontable b)
 (clear a)
 (ontable a)
 (clear c)
 (ontable c)
 (on e f)
)



## Action Made:
Action pick-up
Instantiations:
?X0 - block : d 
Preconditions:
(and (handempty)
  (clear d)
  (ontable d))
Effects:
(and (holding d)
  (not (handempty)
  (not (clear d)
  (not (ontable d))

## New State:
(and (clear e)
 (ontable f)
 (holding d)
 (clear b)
 (ontable b)
 (clear a)
 (ontable a)
 (clear c)
 (ontable c)
 (on e f)
)



## Action Made:
Action put-down
Instantiations:
?X0 - block : d 
Preconditions:
(and (holding d))
Effects:
(and (handempty)
  (clear d)
  (ontable d)
  (not (holding d))

## New State:
(and (clear e)
 (handempty)
 (ontable f)
 (clear d)
 (ontable d)
 (clear b)
 (ontable b)
 (clear a)
 (ontable a)
 (clear c)
 (ontable c)
 (on e f)
)



## Action Made:
Action pick-up
Instantiations:
?X0 - block : d 
Preconditions:
(and (handempty)
  (clear d)
  (ontable d))
Effects:
(and (holding d)
  (not (handempty)
  (not (clear d)
  (not (ontable d))

## New State:
(and (clear e)
 (ontable f)
 (holding d)
 (clear b)
 (ontable b)
 (clear a)
 (ontable a)
 (clear c)
 (ontable c)
 (on e f)
)



## Action Made:
Action stack
Instantiations:
?X0 - block : d 
?X1 - block : a 
Preconditions:
(and (holding d)
  (clear a))
Effects:
(and (handempty)
  (clear d)
  (on d a)
  (not (holding d)
  (not (clear a))

## New State:
(and (clear e)
 (handempty)
 (ontable f)
 (clear d)
 (clear b)
 (ontable b)
 (ontable a)
 (clear c)
 (ontable c)
 (on e f)
 (on d a)
)



## Action Made:
Action unstack
Instantiations:
?X0 - block : d 
?X1 - block : a 
Preconditions:
(and (handempty)
  (clear d)
  (on d a))
Effects:
(and (holding d)
  (clear a)
  (not (handempty)
  (not (clear d)
  (not (on d a))

## New State:
(and (clear e)
 (ontable f)
 (holding d)
 (clear b)
 (ontable b)
 (clear a)
 (ontable a)
 (clear c)
 (ontable c)
 (on e f)
)



## Action Made:
Action stack
Instantiations:
?X0 - block : d 
?X1 - block : e 
Preconditions:
(and (clear e)
  (holding d))
Effects:
(and (handempty)
  (clear d)
  (on d e)
  (not (clear e)
  (not (holding d))

## New State:
(and (handempty)
 (ontable f)
 (clear d)
 (clear b)
 (ontable b)
 (clear a)
 (ontable a)
 (clear c)
 (ontable c)
 (on e f)
 (on d e)
)



## Action Made:
Action pick-up
Instantiations:
?X0 - block : b 
Preconditions:
(and (handempty)
  (clear b)
  (ontable b))
Effects:
(and (holding b)
  (not (handempty)
  (not (clear b)
  (not (ontable b))

## New State:
(and (ontable f)
 (clear d)
 (holding b)
 (clear a)
 (ontable a)
 (clear c)
 (ontable c)
 (on e f)
 (on d e)
)



## Action Made:
Action stack
Instantiations:
?X0 - block : b 
?X1 - block : d 
Preconditions:
(and (clear d)
  (holding b))
Effects:
(and (handempty)
  (clear b)
  (on b d)
  (not (clear d)
  (not (holding b))

## New State:
(and (handempty)
 (ontable f)
 (clear b)
 (clear a)
 (ontable a)
 (clear c)
 (ontable c)
 (on e f)
 (on d e)
 (on b d)
)



## Action Made:
Action unstack
Instantiations:
?X0 - block : b 
?X1 - block : d 
Preconditions:
(and (handempty)
  (clear b)
  (on b d))
Effects:
(and (clear d)
  (holding b)
  (not (handempty)
  (not (clear b)
  (not (on b d))

## New State:
(and (ontable f)
 (clear d)
 (holding b)
 (clear a)
 (ontable a)
 (clear c)
 (ontable c)
 (on e f)
 (on d e)
)



## Action Made:
Action stack
Instantiations:
?X0 - block : b 
?X1 - block : a 
Preconditions:
(and (holding b)
  (clear a))
Effects:
(and (handempty)
  (clear b)
  (on b a)
  (not (holding b)
  (not (clear a))

## New State:
(and (handempty)
 (ontable f)
 (clear d)
 (clear b)
 (ontable a)
 (clear c)
 (ontable c)
 (on e f)
 (on d e)
 (on b a)
)



## Action Made:
Action unstack
Instantiations:
?X0 - block : d 
?X1 - block : e 
Preconditions:
(and (handempty)
  (clear d)
  (on d e))
Effects:
(and (clear e)
  (holding d)
  (not (handempty)
  (not (clear d)
  (not (on d e))

## New State:
(and (clear e)
 (ontable f)
 (holding d)
 (clear b)
 (ontable a)
 (clear c)
 (ontable c)
 (on e f)
 (on b a)
)



## Action Made:
Action stack
Instantiations:
?X0 - block : d 
?X1 - block : c 
Preconditions:
(and (holding d)
  (clear c))
Effects:
(and (handempty)
  (clear d)
  (on d c)
  (not (holding d)
  (not (clear c))

## New State:
(and (clear e)
 (handempty)
 (ontable f)
 (clear d)
 (clear b)
 (ontable a)
 (ontable c)
 (on e f)
 (on d c)
 (on b a)
)



## Action Made:
Action unstack
Instantiations:
?X0 - block : d 
?X1 - block : c 
Preconditions:
(and (handempty)
  (clear d)
  (on d c))
Effects:
(and (holding d)
  (clear c)
  (not (handempty)
  (not (clear d)
  (not (on d c))

## New State:
(and (clear e)
 (ontable f)
 (holding d)
 (clear b)
 (ontable a)
 (clear c)
 (ontable c)
 (on e f)
 (on b a)
)



## Action Made:
Action stack
Instantiations:
?X0 - block : d 
?X1 - block : b 
Preconditions:
(and (holding d)
  (clear b))
Effects:
(and (handempty)
  (clear d)
  (on d b)
  (not (holding d)
  (not (clear b))

## New State:
(and (clear e)
 (handempty)
 (ontable f)
 (clear d)
 (ontable a)
 (clear c)
 (ontable c)
 (on e f)
 (on d b)
 (on b a)
)



## Action Made:
Action unstack
Instantiations:
?X0 - block : d 
?X1 - block : b 
Preconditions:
(and (handempty)
  (clear d)
  (on d b))
Effects:
(and (holding d)
  (clear b)
  (not (handempty)
  (not (clear d)
  (not (on d b))

## New State:
(and (clear e)
 (ontable f)
 (holding d)
 (clear b)
 (ontable a)
 (clear c)
 (ontable c)
 (on e f)
 (on b a)
)



## Action Made:
Action stack
Instantiations:
?X0 - block : d 
?X1 - block : e 
Preconditions:
(and (clear e)
  (holding d))
Effects:
(and (handempty)
  (clear d)
  (on d e)
  (not (clear e)
  (not (holding d))

## New State:
(and (handempty)
 (ontable f)
 (clear d)
 (clear b)
 (ontable a)
 (clear c)
 (ontable c)
 (on e f)
 (on d e)
 (on b a)
)



## Action Made:
Action unstack
Instantiations:
?X0 - block : d 
?X1 - block : e 
Preconditions:
(and (handempty)
  (clear d)
  (on d e))
Effects:
(and (clear e)
  (holding d)
  (not (handempty)
  (not (clear d)
  (not (on d e))

## New State:
(and (clear e)
 (ontable f)
 (holding d)
 (clear b)
 (ontable a)
 (clear c)
 (ontable c)
 (on e f)
 (on b a)
)



## Action Made:
Action put-down
Instantiations:
?X0 - block : d 
Preconditions:
(and (holding d))
Effects:
(and (handempty)
  (clear d)
  (ontable d)
  (not (holding d))

## New State:
(and (clear e)
 (handempty)
 (ontable f)
 (clear d)
 (ontable d)
 (clear b)
 (ontable a)
 (clear c)
 (ontable c)
 (on e f)
 (on b a)
)



## Action Made:
Action pick-up
Instantiations:
?X0 - block : d 
Preconditions:
(and (handempty)
  (clear d)
  (ontable d))
Effects:
(and (holding d)
  (not (handempty)
  (not (clear d)
  (not (ontable d))

## New State:
(and (clear e)
 (ontable f)
 (holding d)
 (clear b)
 (ontable a)
 (clear c)
 (ontable c)
 (on e f)
 (on b a)
)



## Action Made:
Action put-down
Instantiations:
?X0 - block : d 
Preconditions:
(and (holding d))
Effects:
(and (handempty)
  (clear d)
  (ontable d)
  (not (holding d))

## New State:
(and (clear e)
 (handempty)
 (ontable f)
 (clear d)
 (ontable d)
 (clear b)
 (ontable a)
 (clear c)
 (ontable c)
 (on e f)
 (on b a)
)



## Action Made:
Action pick-up
Instantiations:
?X0 - block : d 
Preconditions:
(and (handempty)
  (clear d)
  (ontable d))
Effects:
(and (holding d)
  (not (handempty)
  (not (clear d)
  (not (ontable d))

## New State:
(and (clear e)
 (ontable f)
 (holding d)
 (clear b)
 (ontable a)
 (clear c)
 (ontable c)
 (on e f)
 (on b a)
)



## Action Made:
Action stack
Instantiations:
?X0 - block : d 
?X1 - block : c 
Preconditions:
(and (holding d)
  (clear c))
Effects:
(and (handempty)
  (clear d)
  (on d c)
  (not (holding d)
  (not (clear c))

## New State:
(and (clear e)
 (handempty)
 (ontable f)
 (clear d)
 (clear b)
 (ontable a)
 (ontable c)
 (on e f)
 (on d c)
 (on b a)
)



## Action Made:
Action unstack
Instantiations:
?X0 - block : d 
?X1 - block : c 
Preconditions:
(and (handempty)
  (clear d)
  (on d c))
Effects:
(and (holding d)
  (clear c)
  (not (handempty)
  (not (clear d)
  (not (on d c))

## New State:
(and (clear e)
 (ontable f)
 (holding d)
 (clear b)
 (ontable a)
 (clear c)
 (ontable c)
 (on e f)
 (on b a)
)



## Action Made:
Action stack
Instantiations:
?X0 - block : d 
?X1 - block : c 
Preconditions:
(and (holding d)
  (clear c))
Effects:
(and (handempty)
  (clear d)
  (on d c)
  (not (holding d)
  (not (clear c))

## New State:
(and (clear e)
 (handempty)
 (ontable f)
 (clear d)
 (clear b)
 (ontable a)
 (ontable c)
 (on e f)
 (on d c)
 (on b a)
)



## Action Made:
Action unstack
Instantiations:
?X0 - block : d 
?X1 - block : c 
Preconditions:
(and (handempty)
  (clear d)
  (on d c))
Effects:
(and (holding d)
  (clear c)
  (not (handempty)
  (not (clear d)
  (not (on d c))

## New State:
(and (clear e)
 (ontable f)
 (holding d)
 (clear b)
 (ontable a)
 (clear c)
 (ontable c)
 (on e f)
 (on b a)
)



## Action Made:
Action stack
Instantiations:
?X0 - block : d 
?X1 - block : c 
Preconditions:
(and (holding d)
  (clear c))
Effects:
(and (handempty)
  (clear d)
  (on d c)
  (not (holding d)
  (not (clear c))

## New State:
(and (clear e)
 (handempty)
 (ontable f)
 (clear d)
 (clear b)
 (ontable a)
 (ontable c)
 (on e f)
 (on d c)
 (on b a)
)



## Action Made:
Action unstack
Instantiations:
?X0 - block : d 
?X1 - block : c 
Preconditions:
(and (handempty)
  (clear d)
  (on d c))
Effects:
(and (holding d)
  (clear c)
  (not (handempty)
  (not (clear d)
  (not (on d c))

## New State:
(and (clear e)
 (ontable f)
 (holding d)
 (clear b)
 (ontable a)
 (clear c)
 (ontable c)
 (on e f)
 (on b a)
)



## Action Made:
Action stack
Instantiations:
?X0 - block : d 
?X1 - block : c 
Preconditions:
(and (holding d)
  (clear c))
Effects:
(and (handempty)
  (clear d)
  (on d c)
  (not (holding d)
  (not (clear c))

## New State:
(and (clear e)
 (handempty)
 (ontable f)
 (clear d)
 (clear b)
 (ontable a)
 (ontable c)
 (on e f)
 (on d c)
 (on b a)
)



## Action Made:
Action unstack
Instantiations:
?X0 - block : d 
?X1 - block : c 
Preconditions:
(and (handempty)
  (clear d)
  (on d c))
Effects:
(and (holding d)
  (clear c)
  (not (handempty)
  (not (clear d)
  (not (on d c))

## New State:
(and (clear e)
 (ontable f)
 (holding d)
 (clear b)
 (ontable a)
 (clear c)
 (ontable c)
 (on e f)
 (on b a)
)



## Action Made:
Action stack
Instantiations:
?X0 - block : d 
?X1 - block : e 
Preconditions:
(and (clear e)
  (holding d))
Effects:
(and (handempty)
  (clear d)
  (on d e)
  (not (clear e)
  (not (holding d))

## New State:
(and (handempty)
 (ontable f)
 (clear d)
 (clear b)
 (ontable a)
 (clear c)
 (ontable c)
 (on e f)
 (on d e)
 (on b a)
)



## Action Made:
Action pick-up
Instantiations:
?X0 - block : c 
Preconditions:
(and (handempty)
  (clear c)
  (ontable c))
Effects:
(and (holding c)
  (not (handempty)
  (not (clear c)
  (not (ontable c))

## New State:
(and (ontable f)
 (clear d)
 (clear b)
 (ontable a)
 (holding c)
 (on e f)
 (on d e)
 (on b a)
)



## Action Made:
Action stack
Instantiations:
?X0 - block : c 
?X1 - block : d 
Preconditions:
(and (clear d)
  (holding c))
Effects:
(and (handempty)
  (clear c)
  (on c d)
  (not (clear d)
  (not (holding c))

## New State:
(and (handempty)
 (ontable f)
 (clear b)
 (ontable a)
 (clear c)
 (on e f)
 (on d e)
 (on b a)
 (on c d)
)



## Action Made:
Action unstack
Instantiations:
?X0 - block : b 
?X1 - block : a 
Preconditions:
(and (handempty)
  (clear b)
  (on b a))
Effects:
(and (holding b)
  (clear a)
  (not (handempty)
  (not (clear b)
  (not (on b a))

## New State:
(and (ontable f)
 (holding b)
 (clear a)
 (ontable a)
 (clear c)
 (on e f)
 (on d e)
 (on c d)
)



## Action Made:
Action stack
Instantiations:
?X0 - block : b 
?X1 - block : c 
Preconditions:
(and (holding b)
  (clear c))
Effects:
(and (handempty)
  (clear b)
  (on b c)
  (not (holding b)
  (not (clear c))

## New State:
(and (handempty)
 (ontable f)
 (clear b)
 (clear a)
 (ontable a)
 (on e f)
 (on d e)
 (on b c)
 (on c d)
)



## Action Made:
Action pick-up
Instantiations:
?X0 - block : a 
Preconditions:
(and (handempty)
  (clear a)
  (ontable a))
Effects:
(and (holding a)
  (not (handempty)
  (not (clear a)
  (not (ontable a))

## New State:
(and (ontable f)
 (clear b)
 (holding a)
 (on e f)
 (on d e)
 (on b c)
 (on c d)
)



## Action Made:
Action stack
Instantiations:
?X0 - block : a 
?X1 - block : b 
Preconditions:
(and (clear b)
  (holding a))
Effects:
(and (handempty)
  (clear a)
  (on a b)
  (not (clear b)
  (not (holding a))

## New State:
(and (handempty)
 (ontable f)
 (clear a)
 (on e f)
 (on d e)
 (on b c)
 (on a b)
 (on c d)
)



Execution terminated: No more valid actions
Final state:
(and (handempty)
 (ontable f)
 (clear a)
 (on e f)
 (on d e)
 (on b c)
 (on a b)
 (on c d)
)
