=== Detailed log started at 2025-04-15 17:53:48 ===
## Behaviour Generator: PurposelessSuspiciousBehaviourGenerator{type=Purposeless, epsilon=8, stepsBeforeOptimal=30}



## Initial state:
(and (clear e)
 (ontable e)
 (handempty)
 (clear f)
 (ontable f)
 (clear d)
 (ontable d)
 (clear b)
 (ontable b)
 (clear a)
 (ontable a)
 (clear c)
 (ontable c)
)
Generating plan
Checking if completed enough steps or is far enough away to act optimal
Acting Optimally
## Action Made:
Action pick-up
Instantiations:
?X0 - block : b 
Preconditions:
(and (handempty)
  (clear b)
  (ontable b))
Effects:
(and (holding b)
  (not (handempty)
  (not (clear b)
  (not (ontable b))

## New State:
(and (clear e)
 (ontable e)
 (clear f)
 (ontable f)
 (clear d)
 (ontable d)
 (holding b)
 (clear a)
 (ontable a)
 (clear c)
 (ontable c)
)



Generating plan
Checking if completed enough steps or is far enough away to act optimal
Acting Optimally
## Action Made:
Action stack
Instantiations:
?X0 - block : b 
?X1 - block : a 
Preconditions:
(and (holding b)
  (clear a))
Effects:
(and (handempty)
  (clear b)
  (on b a)
  (not (holding b)
  (not (clear a))

## New State:
(and (clear e)
 (ontable e)
 (handempty)
 (clear f)
 (ontable f)
 (clear d)
 (ontable d)
 (clear b)
 (ontable a)
 (clear c)
 (ontable c)
 (on b a)
)



Generating plan
Checking if completed enough steps or is far enough away to act optimal
Acting Optimally
## Action Made:
Action pick-up
Instantiations:
?X0 - block : c 
Preconditions:
(and (handempty)
  (clear c)
  (ontable c))
Effects:
(and (holding c)
  (not (handempty)
  (not (clear c)
  (not (ontable c))

## New State:
(and (clear e)
 (ontable e)
 (clear f)
 (ontable f)
 (clear d)
 (ontable d)
 (clear b)
 (ontable a)
 (holding c)
 (on b a)
)



Generating plan
Checking if completed enough steps or is far enough away to act optimal
Still acting suspicious
Randomising actions
Chosen Action: 
Action stack
Instantiations:
?X0 - block : c 
?X1 - block : e 
Preconditions:
(and (clear e)
  (holding c))
Effects:
(and (handempty)
  (clear c)
  (on c e)
  (not (clear e)
  (not (holding c))

Action is applicable to state
Applying action to temporary state
Temporary state after action: (and (ontable e)
 (handempty)
 (clear f)
 (ontable f)
 (clear d)
 (ontable d)
 (clear b)
 (ontable a)
 (clear c)
 (on b a)
 (on c e)
)
Generating Plan
Action does not achieve goal and maintains close proximity to goal. Choosing action.
## Action Made:
Action stack
Instantiations:
?X0 - block : c 
?X1 - block : e 
Preconditions:
(and (clear e)
  (holding c))
Effects:
(and (handempty)
  (clear c)
  (on c e)
  (not (clear e)
  (not (holding c))

## New State:
(and (ontable e)
 (handempty)
 (clear f)
 (ontable f)
 (clear d)
 (ontable d)
 (clear b)
 (ontable a)
 (clear c)
 (on b a)
 (on c e)
)



Generating plan
Checking if completed enough steps or is far enough away to act optimal
Acting Optimally
## Action Made:
Action unstack
Instantiations:
?X0 - block : c 
?X1 - block : e 
Preconditions:
(and (handempty)
  (clear c)
  (on c e))
Effects:
(and (clear e)
  (holding c)
  (not (handempty)
  (not (clear c)
  (not (on c e))

## New State:
(and (clear e)
 (ontable e)
 (clear f)
 (ontable f)
 (clear d)
 (ontable d)
 (clear b)
 (ontable a)
 (holding c)
 (on b a)
)



Generating plan
Checking if completed enough steps or is far enough away to act optimal
Still acting suspicious
Randomising actions
Chosen Action: 
Action stack
Instantiations:
?X0 - block : c 
?X1 - block : d 
Preconditions:
(and (clear d)
  (holding c))
Effects:
(and (handempty)
  (clear c)
  (on c d)
  (not (clear d)
  (not (holding c))

Action is applicable to state
Applying action to temporary state
Temporary state after action: (and (clear e)
 (ontable e)
 (handempty)
 (clear f)
 (ontable f)
 (ontable d)
 (clear b)
 (ontable a)
 (clear c)
 (on b a)
 (on c d)
)
Generating Plan
Action does not achieve goal and maintains close proximity to goal. Choosing action.
## Action Made:
Action stack
Instantiations:
?X0 - block : c 
?X1 - block : d 
Preconditions:
(and (clear d)
  (holding c))
Effects:
(and (handempty)
  (clear c)
  (on c d)
  (not (clear d)
  (not (holding c))

## New State:
(and (clear e)
 (ontable e)
 (handempty)
 (clear f)
 (ontable f)
 (ontable d)
 (clear b)
 (ontable a)
 (clear c)
 (on b a)
 (on c d)
)



Generating plan
Checking if completed enough steps or is far enough away to act optimal
Acting Optimally
## Action Made:
Action unstack
Instantiations:
?X0 - block : c 
?X1 - block : d 
Preconditions:
(and (handempty)
  (clear c)
  (on c d))
Effects:
(and (clear d)
  (holding c)
  (not (handempty)
  (not (clear c)
  (not (on c d))

## New State:
(and (clear e)
 (ontable e)
 (clear f)
 (ontable f)
 (clear d)
 (ontable d)
 (clear b)
 (ontable a)
 (holding c)
 (on b a)
)



Generating plan
Checking if completed enough steps or is far enough away to act optimal
Still acting suspicious
Randomising actions
Chosen Action: 
Action stack
Instantiations:
?X0 - block : c 
?X1 - block : e 
Preconditions:
(and (clear e)
  (holding c))
Effects:
(and (handempty)
  (clear c)
  (on c e)
  (not (clear e)
  (not (holding c))

Action is applicable to state
Applying action to temporary state
Temporary state after action: (and (ontable e)
 (handempty)
 (clear f)
 (ontable f)
 (clear d)
 (ontable d)
 (clear b)
 (ontable a)
 (clear c)
 (on b a)
 (on c e)
)
Generating Plan
Action does not achieve goal and maintains close proximity to goal. Choosing action.
## Action Made:
Action stack
Instantiations:
?X0 - block : c 
?X1 - block : e 
Preconditions:
(and (clear e)
  (holding c))
Effects:
(and (handempty)
  (clear c)
  (on c e)
  (not (clear e)
  (not (holding c))

## New State:
(and (ontable e)
 (handempty)
 (clear f)
 (ontable f)
 (clear d)
 (ontable d)
 (clear b)
 (ontable a)
 (clear c)
 (on b a)
 (on c e)
)



Generating plan
Checking if completed enough steps or is far enough away to act optimal
Acting Optimally
## Action Made:
Action unstack
Instantiations:
?X0 - block : c 
?X1 - block : e 
Preconditions:
(and (handempty)
  (clear c)
  (on c e))
Effects:
(and (clear e)
  (holding c)
  (not (handempty)
  (not (clear c)
  (not (on c e))

## New State:
(and (clear e)
 (ontable e)
 (clear f)
 (ontable f)
 (clear d)
 (ontable d)
 (clear b)
 (ontable a)
 (holding c)
 (on b a)
)



Generating plan
Checking if completed enough steps or is far enough away to act optimal
Still acting suspicious
Randomising actions
Chosen Action: 
Action stack
Instantiations:
?X0 - block : c 
?X1 - block : b 
Preconditions:
(and (clear b)
  (holding c))
Effects:
(and (handempty)
  (clear c)
  (on c b)
  (not (clear b)
  (not (holding c))

Action is applicable to state
Applying action to temporary state
Temporary state after action: (and (clear e)
 (ontable e)
 (handempty)
 (clear f)
 (ontable f)
 (clear d)
 (ontable d)
 (ontable a)
 (clear c)
 (on b a)
 (on c b)
)
Generating Plan
Action does not achieve goal and maintains close proximity to goal. Choosing action.
## Action Made:
Action stack
Instantiations:
?X0 - block : c 
?X1 - block : b 
Preconditions:
(and (clear b)
  (holding c))
Effects:
(and (handempty)
  (clear c)
  (on c b)
  (not (clear b)
  (not (holding c))

## New State:
(and (clear e)
 (ontable e)
 (handempty)
 (clear f)
 (ontable f)
 (clear d)
 (ontable d)
 (ontable a)
 (clear c)
 (on b a)
 (on c b)
)



Generating plan
Checking if completed enough steps or is far enough away to act optimal
Still acting suspicious
Randomising actions
Chosen Action: 
Action pick-up
Instantiations:
?X0 - block : f 
Preconditions:
(and (handempty)
  (clear f)
  (ontable f))
Effects:
(and (holding f)
  (not (handempty)
  (not (clear f)
  (not (ontable f))

Action is applicable to state
Applying action to temporary state
Temporary state after action: (and (clear e)
 (ontable e)
 (holding f)
 (clear d)
 (ontable d)
 (ontable a)
 (clear c)
 (on b a)
 (on c b)
)
Generating Plan
Action does not achieve goal and maintains close proximity to goal. Choosing action.
## Action Made:
Action pick-up
Instantiations:
?X0 - block : f 
Preconditions:
(and (handempty)
  (clear f)
  (ontable f))
Effects:
(and (holding f)
  (not (handempty)
  (not (clear f)
  (not (ontable f))

## New State:
(and (clear e)
 (ontable e)
 (holding f)
 (clear d)
 (ontable d)
 (ontable a)
 (clear c)
 (on b a)
 (on c b)
)



Generating plan
Checking if completed enough steps or is far enough away to act optimal
Still acting suspicious
Randomising actions
Chosen Action: 
Action put-down
Instantiations:
?X0 - block : f 
Preconditions:
(and (holding f))
Effects:
(and (handempty)
  (clear f)
  (ontable f)
  (not (holding f))

Action is applicable to state
Applying action to temporary state
Temporary state after action: (and (clear e)
 (ontable e)
 (handempty)
 (clear f)
 (ontable f)
 (clear d)
 (ontable d)
 (ontable a)
 (clear c)
 (on b a)
 (on c b)
)
Generating Plan
Action does not achieve goal and maintains close proximity to goal. Choosing action.
## Action Made:
Action put-down
Instantiations:
?X0 - block : f 
Preconditions:
(and (holding f))
Effects:
(and (handempty)
  (clear f)
  (ontable f)
  (not (holding f))

## New State:
(and (clear e)
 (ontable e)
 (handempty)
 (clear f)
 (ontable f)
 (clear d)
 (ontable d)
 (ontable a)
 (clear c)
 (on b a)
 (on c b)
)



Generating plan
Checking if completed enough steps or is far enough away to act optimal
Still acting suspicious
Randomising actions
Chosen Action: 
Action unstack
Instantiations:
?X0 - block : c 
?X1 - block : b 
Preconditions:
(and (handempty)
  (clear c)
  (on c b))
Effects:
(and (clear b)
  (holding c)
  (not (handempty)
  (not (clear c)
  (not (on c b))

Action is applicable to state
Applying action to temporary state
Temporary state after action: (and (clear e)
 (ontable e)
 (clear f)
 (ontable f)
 (clear d)
 (ontable d)
 (clear b)
 (ontable a)
 (holding c)
 (on b a)
)
Generating Plan
Action does not achieve goal and maintains close proximity to goal. Choosing action.
## Action Made:
Action unstack
Instantiations:
?X0 - block : c 
?X1 - block : b 
Preconditions:
(and (handempty)
  (clear c)
  (on c b))
Effects:
(and (clear b)
  (holding c)
  (not (handempty)
  (not (clear c)
  (not (on c b))

## New State:
(and (clear e)
 (ontable e)
 (clear f)
 (ontable f)
 (clear d)
 (ontable d)
 (clear b)
 (ontable a)
 (holding c)
 (on b a)
)



Generating plan
Checking if completed enough steps or is far enough away to act optimal
Still acting suspicious
Randomising actions
Chosen Action: 
Action put-down
Instantiations:
?X0 - block : c 
Preconditions:
(and (holding c))
Effects:
(and (handempty)
  (clear c)
  (ontable c)
  (not (holding c))

Action is applicable to state
Applying action to temporary state
Temporary state after action: (and (clear e)
 (ontable e)
 (handempty)
 (clear f)
 (ontable f)
 (clear d)
 (ontable d)
 (clear b)
 (ontable a)
 (clear c)
 (ontable c)
 (on b a)
)
Generating Plan
Action does not achieve goal and maintains close proximity to goal. Choosing action.
## Action Made:
Action put-down
Instantiations:
?X0 - block : c 
Preconditions:
(and (holding c))
Effects:
(and (handempty)
  (clear c)
  (ontable c)
  (not (holding c))

## New State:
(and (clear e)
 (ontable e)
 (handempty)
 (clear f)
 (ontable f)
 (clear d)
 (ontable d)
 (clear b)
 (ontable a)
 (clear c)
 (ontable c)
 (on b a)
)



Generating plan
Checking if completed enough steps or is far enough away to act optimal
Acting Optimally
## Action Made:
Action pick-up
Instantiations:
?X0 - block : c 
Preconditions:
(and (handempty)
  (clear c)
  (ontable c))
Effects:
(and (holding c)
  (not (handempty)
  (not (clear c)
  (not (ontable c))

## New State:
(and (clear e)
 (ontable e)
 (clear f)
 (ontable f)
 (clear d)
 (ontable d)
 (clear b)
 (ontable a)
 (holding c)
 (on b a)
)



Generating plan
Checking if completed enough steps or is far enough away to act optimal
Still acting suspicious
Randomising actions
Chosen Action: 
Action stack
Instantiations:
?X0 - block : c 
?X1 - block : b 
Preconditions:
(and (clear b)
  (holding c))
Effects:
(and (handempty)
  (clear c)
  (on c b)
  (not (clear b)
  (not (holding c))

Action is applicable to state
Applying action to temporary state
Temporary state after action: (and (clear e)
 (ontable e)
 (handempty)
 (clear f)
 (ontable f)
 (clear d)
 (ontable d)
 (ontable a)
 (clear c)
 (on b a)
 (on c b)
)
Generating Plan
Action does not achieve goal and maintains close proximity to goal. Choosing action.
## Action Made:
Action stack
Instantiations:
?X0 - block : c 
?X1 - block : b 
Preconditions:
(and (clear b)
  (holding c))
Effects:
(and (handempty)
  (clear c)
  (on c b)
  (not (clear b)
  (not (holding c))

## New State:
(and (clear e)
 (ontable e)
 (handempty)
 (clear f)
 (ontable f)
 (clear d)
 (ontable d)
 (ontable a)
 (clear c)
 (on b a)
 (on c b)
)



Generating plan
Checking if completed enough steps or is far enough away to act optimal
Still acting suspicious
Randomising actions
Chosen Action: 
Action unstack
Instantiations:
?X0 - block : c 
?X1 - block : b 
Preconditions:
(and (handempty)
  (clear c)
  (on c b))
Effects:
(and (clear b)
  (holding c)
  (not (handempty)
  (not (clear c)
  (not (on c b))

Action is applicable to state
Applying action to temporary state
Temporary state after action: (and (clear e)
 (ontable e)
 (clear f)
 (ontable f)
 (clear d)
 (ontable d)
 (clear b)
 (ontable a)
 (holding c)
 (on b a)
)
Generating Plan
Action does not achieve goal and maintains close proximity to goal. Choosing action.
## Action Made:
Action unstack
Instantiations:
?X0 - block : c 
?X1 - block : b 
Preconditions:
(and (handempty)
  (clear c)
  (on c b))
Effects:
(and (clear b)
  (holding c)
  (not (handempty)
  (not (clear c)
  (not (on c b))

## New State:
(and (clear e)
 (ontable e)
 (clear f)
 (ontable f)
 (clear d)
 (ontable d)
 (clear b)
 (ontable a)
 (holding c)
 (on b a)
)



Generating plan
Checking if completed enough steps or is far enough away to act optimal
Still acting suspicious
Randomising actions
Chosen Action: 
Action stack
Instantiations:
?X0 - block : c 
?X1 - block : e 
Preconditions:
(and (clear e)
  (holding c))
Effects:
(and (handempty)
  (clear c)
  (on c e)
  (not (clear e)
  (not (holding c))

Action is applicable to state
Applying action to temporary state
Temporary state after action: (and (ontable e)
 (handempty)
 (clear f)
 (ontable f)
 (clear d)
 (ontable d)
 (clear b)
 (ontable a)
 (clear c)
 (on b a)
 (on c e)
)
Generating Plan
Action does not achieve goal and maintains close proximity to goal. Choosing action.
## Action Made:
Action stack
Instantiations:
?X0 - block : c 
?X1 - block : e 
Preconditions:
(and (clear e)
  (holding c))
Effects:
(and (handempty)
  (clear c)
  (on c e)
  (not (clear e)
  (not (holding c))

## New State:
(and (ontable e)
 (handempty)
 (clear f)
 (ontable f)
 (clear d)
 (ontable d)
 (clear b)
 (ontable a)
 (clear c)
 (on b a)
 (on c e)
)



Generating plan
Checking if completed enough steps or is far enough away to act optimal
Acting Optimally
## Action Made:
Action unstack
Instantiations:
?X0 - block : c 
?X1 - block : e 
Preconditions:
(and (handempty)
  (clear c)
  (on c e))
Effects:
(and (clear e)
  (holding c)
  (not (handempty)
  (not (clear c)
  (not (on c e))

## New State:
(and (clear e)
 (ontable e)
 (clear f)
 (ontable f)
 (clear d)
 (ontable d)
 (clear b)
 (ontable a)
 (holding c)
 (on b a)
)



Generating plan
Checking if completed enough steps or is far enough away to act optimal
Still acting suspicious
Randomising actions
Chosen Action: 
Action stack
Instantiations:
?X0 - block : c 
?X1 - block : d 
Preconditions:
(and (clear d)
  (holding c))
Effects:
(and (handempty)
  (clear c)
  (on c d)
  (not (clear d)
  (not (holding c))

Action is applicable to state
Applying action to temporary state
Temporary state after action: (and (clear e)
 (ontable e)
 (handempty)
 (clear f)
 (ontable f)
 (ontable d)
 (clear b)
 (ontable a)
 (clear c)
 (on b a)
 (on c d)
)
Generating Plan
Action does not achieve goal and maintains close proximity to goal. Choosing action.
## Action Made:
Action stack
Instantiations:
?X0 - block : c 
?X1 - block : d 
Preconditions:
(and (clear d)
  (holding c))
Effects:
(and (handempty)
  (clear c)
  (on c d)
  (not (clear d)
  (not (holding c))

## New State:
(and (clear e)
 (ontable e)
 (handempty)
 (clear f)
 (ontable f)
 (ontable d)
 (clear b)
 (ontable a)
 (clear c)
 (on b a)
 (on c d)
)



Generating plan
Checking if completed enough steps or is far enough away to act optimal
Acting Optimally
## Action Made:
Action unstack
Instantiations:
?X0 - block : c 
?X1 - block : d 
Preconditions:
(and (handempty)
  (clear c)
  (on c d))
Effects:
(and (clear d)
  (holding c)
  (not (handempty)
  (not (clear c)
  (not (on c d))

## New State:
(and (clear e)
 (ontable e)
 (clear f)
 (ontable f)
 (clear d)
 (ontable d)
 (clear b)
 (ontable a)
 (holding c)
 (on b a)
)



Generating plan
Checking if completed enough steps or is far enough away to act optimal
Still acting suspicious
Randomising actions
Chosen Action: 
Action stack
Instantiations:
?X0 - block : c 
?X1 - block : d 
Preconditions:
(and (clear d)
  (holding c))
Effects:
(and (handempty)
  (clear c)
  (on c d)
  (not (clear d)
  (not (holding c))

Action is applicable to state
Applying action to temporary state
Temporary state after action: (and (clear e)
 (ontable e)
 (handempty)
 (clear f)
 (ontable f)
 (ontable d)
 (clear b)
 (ontable a)
 (clear c)
 (on b a)
 (on c d)
)
Generating Plan
Action does not achieve goal and maintains close proximity to goal. Choosing action.
## Action Made:
Action stack
Instantiations:
?X0 - block : c 
?X1 - block : d 
Preconditions:
(and (clear d)
  (holding c))
Effects:
(and (handempty)
  (clear c)
  (on c d)
  (not (clear d)
  (not (holding c))

## New State:
(and (clear e)
 (ontable e)
 (handempty)
 (clear f)
 (ontable f)
 (ontable d)
 (clear b)
 (ontable a)
 (clear c)
 (on b a)
 (on c d)
)



Generating plan
Checking if completed enough steps or is far enough away to act optimal
Acting Optimally
## Action Made:
Action unstack
Instantiations:
?X0 - block : c 
?X1 - block : d 
Preconditions:
(and (handempty)
  (clear c)
  (on c d))
Effects:
(and (clear d)
  (holding c)
  (not (handempty)
  (not (clear c)
  (not (on c d))

## New State:
(and (clear e)
 (ontable e)
 (clear f)
 (ontable f)
 (clear d)
 (ontable d)
 (clear b)
 (ontable a)
 (holding c)
 (on b a)
)



Generating plan
Checking if completed enough steps or is far enough away to act optimal
Still acting suspicious
Randomising actions
Chosen Action: 
Action put-down
Instantiations:
?X0 - block : c 
Preconditions:
(and (holding c))
Effects:
(and (handempty)
  (clear c)
  (ontable c)
  (not (holding c))

Action is applicable to state
Applying action to temporary state
Temporary state after action: (and (clear e)
 (ontable e)
 (handempty)
 (clear f)
 (ontable f)
 (clear d)
 (ontable d)
 (clear b)
 (ontable a)
 (clear c)
 (ontable c)
 (on b a)
)
Generating Plan
Action does not achieve goal and maintains close proximity to goal. Choosing action.
## Action Made:
Action put-down
Instantiations:
?X0 - block : c 
Preconditions:
(and (holding c))
Effects:
(and (handempty)
  (clear c)
  (ontable c)
  (not (holding c))

## New State:
(and (clear e)
 (ontable e)
 (handempty)
 (clear f)
 (ontable f)
 (clear d)
 (ontable d)
 (clear b)
 (ontable a)
 (clear c)
 (ontable c)
 (on b a)
)



Generating plan
Checking if completed enough steps or is far enough away to act optimal
Acting Optimally
## Action Made:
Action pick-up
Instantiations:
?X0 - block : c 
Preconditions:
(and (handempty)
  (clear c)
  (ontable c))
Effects:
(and (holding c)
  (not (handempty)
  (not (clear c)
  (not (ontable c))

## New State:
(and (clear e)
 (ontable e)
 (clear f)
 (ontable f)
 (clear d)
 (ontable d)
 (clear b)
 (ontable a)
 (holding c)
 (on b a)
)



Generating plan
Checking if completed enough steps or is far enough away to act optimal
Still acting suspicious
Randomising actions
Chosen Action: 
Action put-down
Instantiations:
?X0 - block : c 
Preconditions:
(and (holding c))
Effects:
(and (handempty)
  (clear c)
  (ontable c)
  (not (holding c))

Action is applicable to state
Applying action to temporary state
Temporary state after action: (and (clear e)
 (ontable e)
 (handempty)
 (clear f)
 (ontable f)
 (clear d)
 (ontable d)
 (clear b)
 (ontable a)
 (clear c)
 (ontable c)
 (on b a)
)
Generating Plan
Action does not achieve goal and maintains close proximity to goal. Choosing action.
## Action Made:
Action put-down
Instantiations:
?X0 - block : c 
Preconditions:
(and (holding c))
Effects:
(and (handempty)
  (clear c)
  (ontable c)
  (not (holding c))

## New State:
(and (clear e)
 (ontable e)
 (handempty)
 (clear f)
 (ontable f)
 (clear d)
 (ontable d)
 (clear b)
 (ontable a)
 (clear c)
 (ontable c)
 (on b a)
)



Generating plan
Checking if completed enough steps or is far enough away to act optimal
Acting Optimally
## Action Made:
Action pick-up
Instantiations:
?X0 - block : c 
Preconditions:
(and (handempty)
  (clear c)
  (ontable c))
Effects:
(and (holding c)
  (not (handempty)
  (not (clear c)
  (not (ontable c))

## New State:
(and (clear e)
 (ontable e)
 (clear f)
 (ontable f)
 (clear d)
 (ontable d)
 (clear b)
 (ontable a)
 (holding c)
 (on b a)
)



Generating plan
Checking if completed enough steps or is far enough away to act optimal
Still acting suspicious
Randomising actions
Chosen Action: 
Action put-down
Instantiations:
?X0 - block : c 
Preconditions:
(and (holding c))
Effects:
(and (handempty)
  (clear c)
  (ontable c)
  (not (holding c))

Action is applicable to state
Applying action to temporary state
Temporary state after action: (and (clear e)
 (ontable e)
 (handempty)
 (clear f)
 (ontable f)
 (clear d)
 (ontable d)
 (clear b)
 (ontable a)
 (clear c)
 (ontable c)
 (on b a)
)
Generating Plan
Action does not achieve goal and maintains close proximity to goal. Choosing action.
## Action Made:
Action put-down
Instantiations:
?X0 - block : c 
Preconditions:
(and (holding c))
Effects:
(and (handempty)
  (clear c)
  (ontable c)
  (not (holding c))

## New State:
(and (clear e)
 (ontable e)
 (handempty)
 (clear f)
 (ontable f)
 (clear d)
 (ontable d)
 (clear b)
 (ontable a)
 (clear c)
 (ontable c)
 (on b a)
)



Generating plan
Checking if completed enough steps or is far enough away to act optimal
Acting Optimally
## Action Made:
Action pick-up
Instantiations:
?X0 - block : c 
Preconditions:
(and (handempty)
  (clear c)
  (ontable c))
Effects:
(and (holding c)
  (not (handempty)
  (not (clear c)
  (not (ontable c))

## New State:
(and (clear e)
 (ontable e)
 (clear f)
 (ontable f)
 (clear d)
 (ontable d)
 (clear b)
 (ontable a)
 (holding c)
 (on b a)
)



Generating plan
Checking if completed enough steps or is far enough away to act optimal
Still acting suspicious
Randomising actions
Chosen Action: 
Action stack
Instantiations:
?X0 - block : c 
?X1 - block : d 
Preconditions:
(and (clear d)
  (holding c))
Effects:
(and (handempty)
  (clear c)
  (on c d)
  (not (clear d)
  (not (holding c))

Action is applicable to state
Applying action to temporary state
Temporary state after action: (and (clear e)
 (ontable e)
 (handempty)
 (clear f)
 (ontable f)
 (ontable d)
 (clear b)
 (ontable a)
 (clear c)
 (on b a)
 (on c d)
)
Generating Plan
Action does not achieve goal and maintains close proximity to goal. Choosing action.
## Action Made:
Action stack
Instantiations:
?X0 - block : c 
?X1 - block : d 
Preconditions:
(and (clear d)
  (holding c))
Effects:
(and (handempty)
  (clear c)
  (on c d)
  (not (clear d)
  (not (holding c))

## New State:
(and (clear e)
 (ontable e)
 (handempty)
 (clear f)
 (ontable f)
 (ontable d)
 (clear b)
 (ontable a)
 (clear c)
 (on b a)
 (on c d)
)



Generating plan
Checking if completed enough steps or is far enough away to act optimal
Acting Optimally
## Action Made:
Action unstack
Instantiations:
?X0 - block : c 
?X1 - block : d 
Preconditions:
(and (handempty)
  (clear c)
  (on c d))
Effects:
(and (clear d)
  (holding c)
  (not (handempty)
  (not (clear c)
  (not (on c d))

## New State:
(and (clear e)
 (ontable e)
 (clear f)
 (ontable f)
 (clear d)
 (ontable d)
 (clear b)
 (ontable a)
 (holding c)
 (on b a)
)



Generating plan
Checking if completed enough steps or is far enough away to act optimal
Still acting suspicious
Randomising actions
Chosen Action: 
Action stack
Instantiations:
?X0 - block : c 
?X1 - block : f 
Preconditions:
(and (clear f)
  (holding c))
Effects:
(and (handempty)
  (clear c)
  (on c f)
  (not (clear f)
  (not (holding c))

Action is applicable to state
Applying action to temporary state
Temporary state after action: (and (clear e)
 (ontable e)
 (handempty)
 (ontable f)
 (clear d)
 (ontable d)
 (clear b)
 (ontable a)
 (clear c)
 (on b a)
 (on c f)
)
Generating Plan
Action does not achieve goal and maintains close proximity to goal. Choosing action.
## Action Made:
Action stack
Instantiations:
?X0 - block : c 
?X1 - block : f 
Preconditions:
(and (clear f)
  (holding c))
Effects:
(and (handempty)
  (clear c)
  (on c f)
  (not (clear f)
  (not (holding c))

## New State:
(and (clear e)
 (ontable e)
 (handempty)
 (ontable f)
 (clear d)
 (ontable d)
 (clear b)
 (ontable a)
 (clear c)
 (on b a)
 (on c f)
)



Generating plan
Checking if completed enough steps or is far enough away to act optimal
Acting Optimally
## Action Made:
Action unstack
Instantiations:
?X0 - block : c 
?X1 - block : f 
Preconditions:
(and (handempty)
  (clear c)
  (on c f))
Effects:
(and (clear f)
  (holding c)
  (not (handempty)
  (not (clear c)
  (not (on c f))

## New State:
(and (clear e)
 (ontable e)
 (clear f)
 (ontable f)
 (clear d)
 (ontable d)
 (clear b)
 (ontable a)
 (holding c)
 (on b a)
)



Generating plan
Checking if completed enough steps or is far enough away to act optimal
Still acting suspicious
Randomising actions
Chosen Action: 
Action stack
Instantiations:
?X0 - block : c 
?X1 - block : d 
Preconditions:
(and (clear d)
  (holding c))
Effects:
(and (handempty)
  (clear c)
  (on c d)
  (not (clear d)
  (not (holding c))

Action is applicable to state
Applying action to temporary state
Temporary state after action: (and (clear e)
 (ontable e)
 (handempty)
 (clear f)
 (ontable f)
 (ontable d)
 (clear b)
 (ontable a)
 (clear c)
 (on b a)
 (on c d)
)
Generating Plan
Action does not achieve goal and maintains close proximity to goal. Choosing action.
## Action Made:
Action stack
Instantiations:
?X0 - block : c 
?X1 - block : d 
Preconditions:
(and (clear d)
  (holding c))
Effects:
(and (handempty)
  (clear c)
  (on c d)
  (not (clear d)
  (not (holding c))

## New State:
(and (clear e)
 (ontable e)
 (handempty)
 (clear f)
 (ontable f)
 (ontable d)
 (clear b)
 (ontable a)
 (clear c)
 (on b a)
 (on c d)
)



Generating plan
Checking if completed enough steps or is far enough away to act optimal
Acting Optimally
## Action Made:
Action unstack
Instantiations:
?X0 - block : c 
?X1 - block : d 
Preconditions:
(and (handempty)
  (clear c)
  (on c d))
Effects:
(and (clear d)
  (holding c)
  (not (handempty)
  (not (clear c)
  (not (on c d))

## New State:
(and (clear e)
 (ontable e)
 (clear f)
 (ontable f)
 (clear d)
 (ontable d)
 (clear b)
 (ontable a)
 (holding c)
 (on b a)
)



Generating plan
Checking if completed enough steps or is far enough away to act optimal
Still acting suspicious
Randomising actions
Chosen Action: 
Action stack
Instantiations:
?X0 - block : c 
?X1 - block : f 
Preconditions:
(and (clear f)
  (holding c))
Effects:
(and (handempty)
  (clear c)
  (on c f)
  (not (clear f)
  (not (holding c))

Action is applicable to state
Applying action to temporary state
Temporary state after action: (and (clear e)
 (ontable e)
 (handempty)
 (ontable f)
 (clear d)
 (ontable d)
 (clear b)
 (ontable a)
 (clear c)
 (on b a)
 (on c f)
)
Generating Plan
Action does not achieve goal and maintains close proximity to goal. Choosing action.
## Action Made:
Action stack
Instantiations:
?X0 - block : c 
?X1 - block : f 
Preconditions:
(and (clear f)
  (holding c))
Effects:
(and (handempty)
  (clear c)
  (on c f)
  (not (clear f)
  (not (holding c))

## New State:
(and (clear e)
 (ontable e)
 (handempty)
 (ontable f)
 (clear d)
 (ontable d)
 (clear b)
 (ontable a)
 (clear c)
 (on b a)
 (on c f)
)



Generating plan
Checking if completed enough steps or is far enough away to act optimal
Acting Optimally
## Action Made:
Action unstack
Instantiations:
?X0 - block : c 
?X1 - block : f 
Preconditions:
(and (handempty)
  (clear c)
  (on c f))
Effects:
(and (clear f)
  (holding c)
  (not (handempty)
  (not (clear c)
  (not (on c f))

## New State:
(and (clear e)
 (ontable e)
 (clear f)
 (ontable f)
 (clear d)
 (ontable d)
 (clear b)
 (ontable a)
 (holding c)
 (on b a)
)



Generating plan
Checking if completed enough steps or is far enough away to act optimal
Still acting suspicious
Randomising actions
Chosen Action: 
Action stack
Instantiations:
?X0 - block : c 
?X1 - block : d 
Preconditions:
(and (clear d)
  (holding c))
Effects:
(and (handempty)
  (clear c)
  (on c d)
  (not (clear d)
  (not (holding c))

Action is applicable to state
Applying action to temporary state
Temporary state after action: (and (clear e)
 (ontable e)
 (handempty)
 (clear f)
 (ontable f)
 (ontable d)
 (clear b)
 (ontable a)
 (clear c)
 (on b a)
 (on c d)
)
Generating Plan
Action does not achieve goal and maintains close proximity to goal. Choosing action.
## Action Made:
Action stack
Instantiations:
?X0 - block : c 
?X1 - block : d 
Preconditions:
(and (clear d)
  (holding c))
Effects:
(and (handempty)
  (clear c)
  (on c d)
  (not (clear d)
  (not (holding c))

## New State:
(and (clear e)
 (ontable e)
 (handempty)
 (clear f)
 (ontable f)
 (ontable d)
 (clear b)
 (ontable a)
 (clear c)
 (on b a)
 (on c d)
)



Generating plan
Checking if completed enough steps or is far enough away to act optimal
Acting Optimally
## Action Made:
Action unstack
Instantiations:
?X0 - block : c 
?X1 - block : d 
Preconditions:
(and (handempty)
  (clear c)
  (on c d))
Effects:
(and (clear d)
  (holding c)
  (not (handempty)
  (not (clear c)
  (not (on c d))

## New State:
(and (clear e)
 (ontable e)
 (clear f)
 (ontable f)
 (clear d)
 (ontable d)
 (clear b)
 (ontable a)
 (holding c)
 (on b a)
)



Generating plan
Checking if completed enough steps or is far enough away to act optimal
Still acting suspicious
Randomising actions
Chosen Action: 
Action put-down
Instantiations:
?X0 - block : c 
Preconditions:
(and (holding c))
Effects:
(and (handempty)
  (clear c)
  (ontable c)
  (not (holding c))

Action is applicable to state
Applying action to temporary state
Temporary state after action: (and (clear e)
 (ontable e)
 (handempty)
 (clear f)
 (ontable f)
 (clear d)
 (ontable d)
 (clear b)
 (ontable a)
 (clear c)
 (ontable c)
 (on b a)
)
Generating Plan
Action does not achieve goal and maintains close proximity to goal. Choosing action.
## Action Made:
Action put-down
Instantiations:
?X0 - block : c 
Preconditions:
(and (holding c))
Effects:
(and (handempty)
  (clear c)
  (ontable c)
  (not (holding c))

## New State:
(and (clear e)
 (ontable e)
 (handempty)
 (clear f)
 (ontable f)
 (clear d)
 (ontable d)
 (clear b)
 (ontable a)
 (clear c)
 (ontable c)
 (on b a)
)



Generating plan
Checking if completed enough steps or is far enough away to act optimal
Acting Optimally
## Action Made:
Action pick-up
Instantiations:
?X0 - block : c 
Preconditions:
(and (handempty)
  (clear c)
  (ontable c))
Effects:
(and (holding c)
  (not (handempty)
  (not (clear c)
  (not (ontable c))

## New State:
(and (clear e)
 (ontable e)
 (clear f)
 (ontable f)
 (clear d)
 (ontable d)
 (clear b)
 (ontable a)
 (holding c)
 (on b a)
)



Generating plan
Checking if completed enough steps or is far enough away to act optimal
Still acting suspicious
Randomising actions
Chosen Action: 
Action stack
Instantiations:
?X0 - block : c 
?X1 - block : f 
Preconditions:
(and (clear f)
  (holding c))
Effects:
(and (handempty)
  (clear c)
  (on c f)
  (not (clear f)
  (not (holding c))

Action is applicable to state
Applying action to temporary state
Temporary state after action: (and (clear e)
 (ontable e)
 (handempty)
 (ontable f)
 (clear d)
 (ontable d)
 (clear b)
 (ontable a)
 (clear c)
 (on b a)
 (on c f)
)
Generating Plan
Action does not achieve goal and maintains close proximity to goal. Choosing action.
## Action Made:
Action stack
Instantiations:
?X0 - block : c 
?X1 - block : f 
Preconditions:
(and (clear f)
  (holding c))
Effects:
(and (handempty)
  (clear c)
  (on c f)
  (not (clear f)
  (not (holding c))

## New State:
(and (clear e)
 (ontable e)
 (handempty)
 (ontable f)
 (clear d)
 (ontable d)
 (clear b)
 (ontable a)
 (clear c)
 (on b a)
 (on c f)
)



Generating plan
Checking if completed enough steps or is far enough away to act optimal
Acting Optimally
## Action Made:
Action unstack
Instantiations:
?X0 - block : c 
?X1 - block : f 
Preconditions:
(and (handempty)
  (clear c)
  (on c f))
Effects:
(and (clear f)
  (holding c)
  (not (handempty)
  (not (clear c)
  (not (on c f))

## New State:
(and (clear e)
 (ontable e)
 (clear f)
 (ontable f)
 (clear d)
 (ontable d)
 (clear b)
 (ontable a)
 (holding c)
 (on b a)
)



Generating plan
Checking if completed enough steps or is far enough away to act optimal
Still acting suspicious
Randomising actions
Chosen Action: 
Action put-down
Instantiations:
?X0 - block : c 
Preconditions:
(and (holding c))
Effects:
(and (handempty)
  (clear c)
  (ontable c)
  (not (holding c))

Action is applicable to state
Applying action to temporary state
Temporary state after action: (and (clear e)
 (ontable e)
 (handempty)
 (clear f)
 (ontable f)
 (clear d)
 (ontable d)
 (clear b)
 (ontable a)
 (clear c)
 (ontable c)
 (on b a)
)
Generating Plan
Action does not achieve goal and maintains close proximity to goal. Choosing action.
## Action Made:
Action put-down
Instantiations:
?X0 - block : c 
Preconditions:
(and (holding c))
Effects:
(and (handempty)
  (clear c)
  (ontable c)
  (not (holding c))

## New State:
(and (clear e)
 (ontable e)
 (handempty)
 (clear f)
 (ontable f)
 (clear d)
 (ontable d)
 (clear b)
 (ontable a)
 (clear c)
 (ontable c)
 (on b a)
)



Generating plan
Checking if completed enough steps or is far enough away to act optimal
Acting Optimally
## Action Made:
Action pick-up
Instantiations:
?X0 - block : c 
Preconditions:
(and (handempty)
  (clear c)
  (ontable c))
Effects:
(and (holding c)
  (not (handempty)
  (not (clear c)
  (not (ontable c))

## New State:
(and (clear e)
 (ontable e)
 (clear f)
 (ontable f)
 (clear d)
 (ontable d)
 (clear b)
 (ontable a)
 (holding c)
 (on b a)
)



Generating plan
Checking if completed enough steps or is far enough away to act optimal
Still acting suspicious
Randomising actions
Chosen Action: 
Action put-down
Instantiations:
?X0 - block : c 
Preconditions:
(and (holding c))
Effects:
(and (handempty)
  (clear c)
  (ontable c)
  (not (holding c))

Action is applicable to state
Applying action to temporary state
Temporary state after action: (and (clear e)
 (ontable e)
 (handempty)
 (clear f)
 (ontable f)
 (clear d)
 (ontable d)
 (clear b)
 (ontable a)
 (clear c)
 (ontable c)
 (on b a)
)
Generating Plan
Action does not achieve goal and maintains close proximity to goal. Choosing action.
## Action Made:
Action put-down
Instantiations:
?X0 - block : c 
Preconditions:
(and (holding c))
Effects:
(and (handempty)
  (clear c)
  (ontable c)
  (not (holding c))

## New State:
(and (clear e)
 (ontable e)
 (handempty)
 (clear f)
 (ontable f)
 (clear d)
 (ontable d)
 (clear b)
 (ontable a)
 (clear c)
 (ontable c)
 (on b a)
)



Generating plan
Checking if completed enough steps or is far enough away to act optimal
Acting Optimally
## Action Made:
Action pick-up
Instantiations:
?X0 - block : c 
Preconditions:
(and (handempty)
  (clear c)
  (ontable c))
Effects:
(and (holding c)
  (not (handempty)
  (not (clear c)
  (not (ontable c))

## New State:
(and (clear e)
 (ontable e)
 (clear f)
 (ontable f)
 (clear d)
 (ontable d)
 (clear b)
 (ontable a)
 (holding c)
 (on b a)
)



Generating plan
Checking if completed enough steps or is far enough away to act optimal
Still acting suspicious
Randomising actions
Chosen Action: 
Action stack
Instantiations:
?X0 - block : c 
?X1 - block : f 
Preconditions:
(and (clear f)
  (holding c))
Effects:
(and (handempty)
  (clear c)
  (on c f)
  (not (clear f)
  (not (holding c))

Action is applicable to state
Applying action to temporary state
Temporary state after action: (and (clear e)
 (ontable e)
 (handempty)
 (ontable f)
 (clear d)
 (ontable d)
 (clear b)
 (ontable a)
 (clear c)
 (on b a)
 (on c f)
)
Generating Plan
Action does not achieve goal and maintains close proximity to goal. Choosing action.
## Action Made:
Action stack
Instantiations:
?X0 - block : c 
?X1 - block : f 
Preconditions:
(and (clear f)
  (holding c))
Effects:
(and (handempty)
  (clear c)
  (on c f)
  (not (clear f)
  (not (holding c))

## New State:
(and (clear e)
 (ontable e)
 (handempty)
 (ontable f)
 (clear d)
 (ontable d)
 (clear b)
 (ontable a)
 (clear c)
 (on b a)
 (on c f)
)



Generating plan
Checking if completed enough steps or is far enough away to act optimal
Acting Optimally
## Action Made:
Action unstack
Instantiations:
?X0 - block : c 
?X1 - block : f 
Preconditions:
(and (handempty)
  (clear c)
  (on c f))
Effects:
(and (clear f)
  (holding c)
  (not (handempty)
  (not (clear c)
  (not (on c f))

## New State:
(and (clear e)
 (ontable e)
 (clear f)
 (ontable f)
 (clear d)
 (ontable d)
 (clear b)
 (ontable a)
 (holding c)
 (on b a)
)



Generating plan
Checking if completed enough steps or is far enough away to act optimal
Still acting suspicious
Randomising actions
Chosen Action: 
Action stack
Instantiations:
?X0 - block : c 
?X1 - block : b 
Preconditions:
(and (clear b)
  (holding c))
Effects:
(and (handempty)
  (clear c)
  (on c b)
  (not (clear b)
  (not (holding c))

Action is applicable to state
Applying action to temporary state
Temporary state after action: (and (clear e)
 (ontable e)
 (handempty)
 (clear f)
 (ontable f)
 (clear d)
 (ontable d)
 (ontable a)
 (clear c)
 (on b a)
 (on c b)
)
Generating Plan
Action does not achieve goal and maintains close proximity to goal. Choosing action.
## Action Made:
Action stack
Instantiations:
?X0 - block : c 
?X1 - block : b 
Preconditions:
(and (clear b)
  (holding c))
Effects:
(and (handempty)
  (clear c)
  (on c b)
  (not (clear b)
  (not (holding c))

## New State:
(and (clear e)
 (ontable e)
 (handempty)
 (clear f)
 (ontable f)
 (clear d)
 (ontable d)
 (ontable a)
 (clear c)
 (on b a)
 (on c b)
)



Generating plan
Checking if completed enough steps or is far enough away to act optimal
Still acting suspicious
Randomising actions
Chosen Action: 
Action unstack
Instantiations:
?X0 - block : c 
?X1 - block : b 
Preconditions:
(and (handempty)
  (clear c)
  (on c b))
Effects:
(and (clear b)
  (holding c)
  (not (handempty)
  (not (clear c)
  (not (on c b))

Action is applicable to state
Applying action to temporary state
Temporary state after action: (and (clear e)
 (ontable e)
 (clear f)
 (ontable f)
 (clear d)
 (ontable d)
 (clear b)
 (ontable a)
 (holding c)
 (on b a)
)
Generating Plan
Action does not achieve goal and maintains close proximity to goal. Choosing action.
## Action Made:
Action unstack
Instantiations:
?X0 - block : c 
?X1 - block : b 
Preconditions:
(and (handempty)
  (clear c)
  (on c b))
Effects:
(and (clear b)
  (holding c)
  (not (handempty)
  (not (clear c)
  (not (on c b))

## New State:
(and (clear e)
 (ontable e)
 (clear f)
 (ontable f)
 (clear d)
 (ontable d)
 (clear b)
 (ontable a)
 (holding c)
 (on b a)
)



Generating plan
Checking if completed enough steps or is far enough away to act optimal
Still acting suspicious
Randomising actions
Chosen Action: 
Action stack
Instantiations:
?X0 - block : c 
?X1 - block : b 
Preconditions:
(and (clear b)
  (holding c))
Effects:
(and (handempty)
  (clear c)
  (on c b)
  (not (clear b)
  (not (holding c))

Action is applicable to state
Applying action to temporary state
Temporary state after action: (and (clear e)
 (ontable e)
 (handempty)
 (clear f)
 (ontable f)
 (clear d)
 (ontable d)
 (ontable a)
 (clear c)
 (on b a)
 (on c b)
)
Generating Plan
Action does not achieve goal and maintains close proximity to goal. Choosing action.
## Action Made:
Action stack
Instantiations:
?X0 - block : c 
?X1 - block : b 
Preconditions:
(and (clear b)
  (holding c))
Effects:
(and (handempty)
  (clear c)
  (on c b)
  (not (clear b)
  (not (holding c))

## New State:
(and (clear e)
 (ontable e)
 (handempty)
 (clear f)
 (ontable f)
 (clear d)
 (ontable d)
 (ontable a)
 (clear c)
 (on b a)
 (on c b)
)



Generating plan
Checking if completed enough steps or is far enough away to act optimal
Acting Optimally
## Action Made:
Action pick-up
Instantiations:
?X0 - block : d 
Preconditions:
(and (handempty)
  (clear d)
  (ontable d))
Effects:
(and (holding d)
  (not (handempty)
  (not (clear d)
  (not (ontable d))

## New State:
(and (clear e)
 (ontable e)
 (clear f)
 (ontable f)
 (holding d)
 (ontable a)
 (clear c)
 (on b a)
 (on c b)
)



Generating plan
Checking if completed enough steps or is far enough away to act optimal
Acting Optimally
## Action Made:
Action stack
Instantiations:
?X0 - block : d 
?X1 - block : c 
Preconditions:
(and (holding d)
  (clear c))
Effects:
(and (handempty)
  (clear d)
  (on d c)
  (not (holding d)
  (not (clear c))

## New State:
(and (clear e)
 (ontable e)
 (handempty)
 (clear f)
 (ontable f)
 (clear d)
 (ontable a)
 (on d c)
 (on b a)
 (on c b)
)



Generating plan
Checking if completed enough steps or is far enough away to act optimal
Acting Optimally
## Action Made:
Action pick-up
Instantiations:
?X0 - block : e 
Preconditions:
(and (clear e)
  (ontable e)
  (handempty))
Effects:
(and (holding e)
  (not (clear e)
  (not (ontable e)
  (not (handempty))

## New State:
(and (holding e)
 (clear f)
 (ontable f)
 (clear d)
 (ontable a)
 (on d c)
 (on b a)
 (on c b)
)



Generating plan
Checking if completed enough steps or is far enough away to act optimal
Acting Optimally
## Action Made:
Action stack
Instantiations:
?X0 - block : e 
?X1 - block : d 
Preconditions:
(and (holding e)
  (clear d))
Effects:
(and (clear e)
  (handempty)
  (on e d)
  (not (holding e)
  (not (clear d))

## New State:
(and (clear e)
 (handempty)
 (clear f)
 (ontable f)
 (ontable a)
 (on e d)
 (on d c)
 (on b a)
 (on c b)
)



Generating plan
Checking if completed enough steps or is far enough away to act optimal
Acting Optimally
## Action Made:
Action pick-up
Instantiations:
?X0 - block : f 
Preconditions:
(and (handempty)
  (clear f)
  (ontable f))
Effects:
(and (holding f)
  (not (handempty)
  (not (clear f)
  (not (ontable f))

## New State:
(and (clear e)
 (holding f)
 (ontable a)
 (on e d)
 (on d c)
 (on b a)
 (on c b)
)



Generating plan
Checking if completed enough steps or is far enough away to act optimal
Acting Optimally
## Action Made:
Action stack
Instantiations:
?X0 - block : f 
?X1 - block : e 
Preconditions:
(and (clear e)
  (holding f))
Effects:
(and (handempty)
  (clear f)
  (on f e)
  (not (clear e)
  (not (holding f))

## New State:
(and (handempty)
 (clear f)
 (ontable a)
 (on e d)
 (on f e)
 (on d c)
 (on b a)
 (on c b)
)



Generating plan
Already at goal
Execution terminated: No more valid actions
Final state:
(and (handempty)
 (clear f)
 (ontable a)
 (on e d)
 (on f e)
 (on d c)
 (on b a)
 (on c b)
)
