=== Log started at 2025-03-20 14:55:13 ===
## Behaviour Generator: DirectedBehaviourGenerator{type=UnexpectedlySuspiciousBehaviourGenerator, epsilon=3, goal=2,secondaryGenerator=DirectedBehaviourGenerator{type=Semidirected, lambda=2, goal=2}}



## Initial state:
(and (clear d)
 (ontable d)
 (handempty)
 (clear b)
 (ontable b)
 (clear a)
 (ontable a)
 (clear c)
 (ontable c)
)
Acting Optimally
## Action Made:
Action pick-up
Instantiations:
?X0 - block : b 
Preconditions:
(and (handempty)
  (clear b)
  (ontable b))
Effects:
(and (holding b)
  (not (handempty)
  (not (clear b)
  (not (ontable b))

## New State:
(and (clear d)
 (ontable d)
 (holding b)
 (clear a)
 (ontable a)
 (clear c)
 (ontable c)
)



Acting Optimally
## Action Made:
Action stack
Instantiations:
?X0 - block : b 
?X1 - block : a 
Preconditions:
(and (holding b)
  (clear a))
Effects:
(and (handempty)
  (clear b)
  (on b a)
  (not (holding b)
  (not (clear a))

## New State:
(and (clear d)
 (ontable d)
 (handempty)
 (clear b)
 (ontable a)
 (clear c)
 (ontable c)
 (on b a)
)



Acting Optimally
## Action Made:
Action pick-up
Instantiations:
?X0 - block : c 
Preconditions:
(and (handempty)
  (clear c)
  (ontable c))
Effects:
(and (holding c)
  (not (handempty)
  (not (clear c)
  (not (ontable c))

## New State:
(and (clear d)
 (ontable d)
 (clear b)
 (ontable a)
 (holding c)
 (on b a)
)



Acting Optimally
## Action Made:
Action stack
Instantiations:
?X0 - block : c 
?X1 - block : b 
Preconditions:
(and (clear b)
  (holding c))
Effects:
(and (handempty)
  (clear c)
  (on c b)
  (not (clear b)
  (not (holding c))

## New State:
(and (clear d)
 (ontable d)
 (handempty)
 (ontable a)
 (clear c)
 (on b a)
 (on c b)
)



Acting Optimally
## Action Made:
Action pick-up
Instantiations:
?X0 - block : d 
Preconditions:
(and (clear d)
  (ontable d)
  (handempty))
Effects:
(and (holding d)
  (not (clear d)
  (not (ontable d)
  (not (handempty))

## New State:
(and (holding d)
 (ontable a)
 (clear c)
 (on b a)
 (on c b)
)



Making Optimal move
## Action Made:
Action stack
Instantiations:
?X0 - block : d 
?X1 - block : c 
Preconditions:
(and (holding d)
  (clear c))
Effects:
(and (clear d)
  (handempty)
  (on d c)
  (not (holding d)
  (not (clear c))

## New State:
(and (clear d)
 (handempty)
 (ontable a)
 (on d c)
 (on b a)
 (on c b)
)



Making Optimal move
Execution terminated: No more valid actions
Final state:
(and (clear d)
 (handempty)
 (ontable a)
 (on d c)
 (on b a)
 (on c b)
)
=== Log closed at 2025-03-20 14:55:13 ===
