=== Log started at 2025-05-26 20:51:22 ===
## Behaviour Generator: DirectedBehaviourGenerator{type=Directed}



## Initial state:
(and (ontable a)
 (handempty)
 (ontable p)
 (ontable s)
 (clear t)
 (clear h)
 (ontable y)
 (clear o)
 (ontable g)
 (ontable d)
 (ontable c)
 (clear l)
 (clear z)
 (clear r)
 (clear i)
 (on e p)
 (on t s)
 (on h d)
 (on o a)
 (on l y)
 (on z c)
 (on r g)
 (on i e)
)
## Action Made:
Action unstack
Instantiations:
?X0 - block : z 
?X1 - block : c 
Preconditions:
(and (handempty)
  (clear z)
  (on z c))
Effects:
(and (clear c)
  (holding z)
  (not (handempty)
  (not (clear z)
  (not (on z c))

## New State:
(and (ontable a)
 (ontable p)
 (ontable s)
 (clear t)
 (clear h)
 (ontable y)
 (clear o)
 (ontable g)
 (ontable d)
 (clear c)
 (ontable c)
 (clear l)
 (holding z)
 (clear r)
 (clear i)
 (on e p)
 (on t s)
 (on h d)
 (on o a)
 (on l y)
 (on r g)
 (on i e)
)



## Action Made:
Action stack
Instantiations:
?X0 - block : z 
?X1 - block : l 
Preconditions:
(and (clear l)
  (holding z))
Effects:
(and (handempty)
  (clear z)
  (on z l)
  (not (clear l)
  (not (holding z))

## New State:
(and (ontable a)
 (handempty)
 (ontable p)
 (ontable s)
 (clear t)
 (clear h)
 (ontable y)
 (clear o)
 (ontable g)
 (ontable d)
 (clear c)
 (ontable c)
 (clear z)
 (clear r)
 (clear i)
 (on e p)
 (on t s)
 (on h d)
 (on o a)
 (on l y)
 (on z l)
 (on r g)
 (on i e)
)



## Action Made:
Action unstack
Instantiations:
?X0 - block : r 
?X1 - block : g 
Preconditions:
(and (handempty)
  (clear r)
  (on r g))
Effects:
(and (clear g)
  (holding r)
  (not (handempty)
  (not (clear r)
  (not (on r g))

## New State:
(and (ontable a)
 (ontable p)
 (ontable s)
 (clear t)
 (clear h)
 (ontable y)
 (clear o)
 (clear g)
 (ontable g)
 (ontable d)
 (clear c)
 (ontable c)
 (clear z)
 (holding r)
 (clear i)
 (on e p)
 (on t s)
 (on h d)
 (on o a)
 (on l y)
 (on z l)
 (on i e)
)



## Action Made:
Action stack
Instantiations:
?X0 - block : r 
?X1 - block : c 
Preconditions:
(and (clear c)
  (holding r))
Effects:
(and (handempty)
  (clear r)
  (on r c)
  (not (clear c)
  (not (holding r))

## New State:
(and (ontable a)
 (handempty)
 (ontable p)
 (ontable s)
 (clear t)
 (clear h)
 (ontable y)
 (clear o)
 (clear g)
 (ontable g)
 (ontable d)
 (ontable c)
 (clear z)
 (clear r)
 (clear i)
 (on e p)
 (on t s)
 (on h d)
 (on o a)
 (on l y)
 (on z l)
 (on r c)
 (on i e)
)



## Action Made:
Action unstack
Instantiations:
?X0 - block : h 
?X1 - block : d 
Preconditions:
(and (handempty)
  (clear h)
  (on h d))
Effects:
(and (holding h)
  (clear d)
  (not (handempty)
  (not (clear h)
  (not (on h d))

## New State:
(and (ontable a)
 (ontable p)
 (ontable s)
 (clear t)
 (holding h)
 (ontable y)
 (clear o)
 (clear g)
 (ontable g)
 (clear d)
 (ontable d)
 (ontable c)
 (clear z)
 (clear r)
 (clear i)
 (on e p)
 (on t s)
 (on o a)
 (on l y)
 (on z l)
 (on r c)
 (on i e)
)



## Action Made:
Action stack
Instantiations:
?X0 - block : h 
?X1 - block : z 
Preconditions:
(and (holding h)
  (clear z))
Effects:
(and (handempty)
  (clear h)
  (on h z)
  (not (holding h)
  (not (clear z))

## New State:
(and (ontable a)
 (handempty)
 (ontable p)
 (ontable s)
 (clear t)
 (clear h)
 (ontable y)
 (clear o)
 (clear g)
 (ontable g)
 (clear d)
 (ontable d)
 (ontable c)
 (clear r)
 (clear i)
 (on e p)
 (on t s)
 (on h z)
 (on o a)
 (on l y)
 (on z l)
 (on r c)
 (on i e)
)



## Action Made:
Action pick-up
Instantiations:
?X0 - block : d 
Preconditions:
(and (handempty)
  (clear d)
  (ontable d))
Effects:
(and (holding d)
  (not (handempty)
  (not (clear d)
  (not (ontable d))

## New State:
(and (ontable a)
 (ontable p)
 (ontable s)
 (clear t)
 (clear h)
 (ontable y)
 (clear o)
 (clear g)
 (ontable g)
 (holding d)
 (ontable c)
 (clear r)
 (clear i)
 (on e p)
 (on t s)
 (on h z)
 (on o a)
 (on l y)
 (on z l)
 (on r c)
 (on i e)
)



## Action Made:
Action stack
Instantiations:
?X0 - block : d 
?X1 - block : g 
Preconditions:
(and (clear g)
  (holding d))
Effects:
(and (handempty)
  (clear d)
  (on d g)
  (not (clear g)
  (not (holding d))

## New State:
(and (ontable a)
 (handempty)
 (ontable p)
 (ontable s)
 (clear t)
 (clear h)
 (ontable y)
 (clear o)
 (ontable g)
 (clear d)
 (ontable c)
 (clear r)
 (clear i)
 (on e p)
 (on t s)
 (on h z)
 (on o a)
 (on d g)
 (on l y)
 (on z l)
 (on r c)
 (on i e)
)



## Action Made:
Action unstack
Instantiations:
?X0 - block : h 
?X1 - block : z 
Preconditions:
(and (handempty)
  (clear h)
  (on h z))
Effects:
(and (holding h)
  (clear z)
  (not (handempty)
  (not (clear h)
  (not (on h z))

## New State:
(and (ontable a)
 (ontable p)
 (ontable s)
 (clear t)
 (holding h)
 (ontable y)
 (clear o)
 (ontable g)
 (clear d)
 (ontable c)
 (clear z)
 (clear r)
 (clear i)
 (on e p)
 (on t s)
 (on o a)
 (on d g)
 (on l y)
 (on z l)
 (on r c)
 (on i e)
)



## Action Made:
Action put-down
Instantiations:
?X0 - block : h 
Preconditions:
(and (holding h))
Effects:
(and (handempty)
  (clear h)
  (ontable h)
  (not (holding h))

## New State:
(and (ontable a)
 (handempty)
 (ontable p)
 (ontable s)
 (clear t)
 (clear h)
 (ontable h)
 (ontable y)
 (clear o)
 (ontable g)
 (clear d)
 (ontable c)
 (clear z)
 (clear r)
 (clear i)
 (on e p)
 (on t s)
 (on o a)
 (on d g)
 (on l y)
 (on z l)
 (on r c)
 (on i e)
)



## Action Made:
Action unstack
Instantiations:
?X0 - block : z 
?X1 - block : l 
Preconditions:
(and (handempty)
  (clear z)
  (on z l))
Effects:
(and (clear l)
  (holding z)
  (not (handempty)
  (not (clear z)
  (not (on z l))

## New State:
(and (ontable a)
 (ontable p)
 (ontable s)
 (clear t)
 (clear h)
 (ontable h)
 (ontable y)
 (clear o)
 (ontable g)
 (clear d)
 (ontable c)
 (clear l)
 (holding z)
 (clear r)
 (clear i)
 (on e p)
 (on t s)
 (on o a)
 (on d g)
 (on l y)
 (on r c)
 (on i e)
)



## Action Made:
Action stack
Instantiations:
?X0 - block : z 
?X1 - block : r 
Preconditions:
(and (holding z)
  (clear r))
Effects:
(and (handempty)
  (clear z)
  (on z r)
  (not (holding z)
  (not (clear r))

## New State:
(and (ontable a)
 (handempty)
 (ontable p)
 (ontable s)
 (clear t)
 (clear h)
 (ontable h)
 (ontable y)
 (clear o)
 (ontable g)
 (clear d)
 (ontable c)
 (clear l)
 (clear z)
 (clear i)
 (on e p)
 (on t s)
 (on o a)
 (on d g)
 (on l y)
 (on z r)
 (on r c)
 (on i e)
)



## Action Made:
Action pick-up
Instantiations:
?X0 - block : h 
Preconditions:
(and (handempty)
  (clear h)
  (ontable h))
Effects:
(and (holding h)
  (not (handempty)
  (not (clear h)
  (not (ontable h))

## New State:
(and (ontable a)
 (ontable p)
 (ontable s)
 (clear t)
 (holding h)
 (ontable y)
 (clear o)
 (ontable g)
 (clear d)
 (ontable c)
 (clear l)
 (clear z)
 (clear i)
 (on e p)
 (on t s)
 (on o a)
 (on d g)
 (on l y)
 (on z r)
 (on r c)
 (on i e)
)



## Action Made:
Action stack
Instantiations:
?X0 - block : h 
?X1 - block : d 
Preconditions:
(and (holding h)
  (clear d))
Effects:
(and (handempty)
  (clear h)
  (on h d)
  (not (holding h)
  (not (clear d))

## New State:
(and (ontable a)
 (handempty)
 (ontable p)
 (ontable s)
 (clear t)
 (clear h)
 (ontable y)
 (clear o)
 (ontable g)
 (ontable c)
 (clear l)
 (clear z)
 (clear i)
 (on e p)
 (on t s)
 (on h d)
 (on o a)
 (on d g)
 (on l y)
 (on z r)
 (on r c)
 (on i e)
)



## Action Made:
Action unstack
Instantiations:
?X0 - block : t 
?X1 - block : s 
Preconditions:
(and (handempty)
  (clear t)
  (on t s))
Effects:
(and (clear s)
  (holding t)
  (not (handempty)
  (not (clear t)
  (not (on t s))

## New State:
(and (ontable a)
 (ontable p)
 (clear s)
 (ontable s)
 (holding t)
 (clear h)
 (ontable y)
 (clear o)
 (ontable g)
 (ontable c)
 (clear l)
 (clear z)
 (clear i)
 (on e p)
 (on h d)
 (on o a)
 (on d g)
 (on l y)
 (on z r)
 (on r c)
 (on i e)
)



## Action Made:
Action stack
Instantiations:
?X0 - block : t 
?X1 - block : l 
Preconditions:
(and (holding t)
  (clear l))
Effects:
(and (handempty)
  (clear t)
  (on t l)
  (not (holding t)
  (not (clear l))

## New State:
(and (ontable a)
 (handempty)
 (ontable p)
 (clear s)
 (ontable s)
 (clear t)
 (clear h)
 (ontable y)
 (clear o)
 (ontable g)
 (ontable c)
 (clear z)
 (clear i)
 (on e p)
 (on t l)
 (on h d)
 (on o a)
 (on d g)
 (on l y)
 (on z r)
 (on r c)
 (on i e)
)



## Action Made:
Action unstack
Instantiations:
?X0 - block : h 
?X1 - block : d 
Preconditions:
(and (handempty)
  (clear h)
  (on h d))
Effects:
(and (holding h)
  (clear d)
  (not (handempty)
  (not (clear h)
  (not (on h d))

## New State:
(and (ontable a)
 (ontable p)
 (clear s)
 (ontable s)
 (clear t)
 (holding h)
 (ontable y)
 (clear o)
 (ontable g)
 (clear d)
 (ontable c)
 (clear z)
 (clear i)
 (on e p)
 (on t l)
 (on o a)
 (on d g)
 (on l y)
 (on z r)
 (on r c)
 (on i e)
)



## Action Made:
Action stack
Instantiations:
?X0 - block : h 
?X1 - block : i 
Preconditions:
(and (holding h)
  (clear i))
Effects:
(and (handempty)
  (clear h)
  (on h i)
  (not (holding h)
  (not (clear i))

## New State:
(and (ontable a)
 (handempty)
 (ontable p)
 (clear s)
 (ontable s)
 (clear t)
 (clear h)
 (ontable y)
 (clear o)
 (ontable g)
 (clear d)
 (ontable c)
 (clear z)
 (on e p)
 (on t l)
 (on h i)
 (on o a)
 (on d g)
 (on l y)
 (on z r)
 (on r c)
 (on i e)
)



## Action Made:
Action unstack
Instantiations:
?X0 - block : o 
?X1 - block : a 
Preconditions:
(and (handempty)
  (clear o)
  (on o a))
Effects:
(and (clear a)
  (holding o)
  (not (handempty)
  (not (clear o)
  (not (on o a))

## New State:
(and (clear a)
 (ontable a)
 (ontable p)
 (clear s)
 (ontable s)
 (clear t)
 (clear h)
 (ontable y)
 (holding o)
 (ontable g)
 (clear d)
 (ontable c)
 (clear z)
 (on e p)
 (on t l)
 (on h i)
 (on d g)
 (on l y)
 (on z r)
 (on r c)
 (on i e)
)



## Action Made:
Action stack
Instantiations:
?X0 - block : o 
?X1 - block : d 
Preconditions:
(and (holding o)
  (clear d))
Effects:
(and (handempty)
  (clear o)
  (on o d)
  (not (holding o)
  (not (clear d))

## New State:
(and (clear a)
 (ontable a)
 (handempty)
 (ontable p)
 (clear s)
 (ontable s)
 (clear t)
 (clear h)
 (ontable y)
 (clear o)
 (ontable g)
 (ontable c)
 (clear z)
 (on e p)
 (on t l)
 (on h i)
 (on o d)
 (on d g)
 (on l y)
 (on z r)
 (on r c)
 (on i e)
)



## Action Made:
Action pick-up
Instantiations:
?X0 - block : a 
Preconditions:
(and (clear a)
  (ontable a)
  (handempty))
Effects:
(and (holding a)
  (not (clear a)
  (not (ontable a)
  (not (handempty))

## New State:
(and (holding a)
 (ontable p)
 (clear s)
 (ontable s)
 (clear t)
 (clear h)
 (ontable y)
 (clear o)
 (ontable g)
 (ontable c)
 (clear z)
 (on e p)
 (on t l)
 (on h i)
 (on o d)
 (on d g)
 (on l y)
 (on z r)
 (on r c)
 (on i e)
)



## Action Made:
Action stack
Instantiations:
?X0 - block : a 
?X1 - block : z 
Preconditions:
(and (holding a)
  (clear z))
Effects:
(and (clear a)
  (handempty)
  (on a z)
  (not (holding a)
  (not (clear z))

## New State:
(and (clear a)
 (handempty)
 (ontable p)
 (clear s)
 (ontable s)
 (clear t)
 (clear h)
 (ontable y)
 (clear o)
 (ontable g)
 (ontable c)
 (on a z)
 (on e p)
 (on t l)
 (on h i)
 (on o d)
 (on d g)
 (on l y)
 (on z r)
 (on r c)
 (on i e)
)



## Action Made:
Action unstack
Instantiations:
?X0 - block : t 
?X1 - block : l 
Preconditions:
(and (handempty)
  (clear t)
  (on t l))
Effects:
(and (holding t)
  (clear l)
  (not (handempty)
  (not (clear t)
  (not (on t l))

## New State:
(and (clear a)
 (ontable p)
 (clear s)
 (ontable s)
 (holding t)
 (clear h)
 (ontable y)
 (clear o)
 (ontable g)
 (ontable c)
 (clear l)
 (on a z)
 (on e p)
 (on h i)
 (on o d)
 (on d g)
 (on l y)
 (on z r)
 (on r c)
 (on i e)
)



## Action Made:
Action stack
Instantiations:
?X0 - block : t 
?X1 - block : h 
Preconditions:
(and (holding t)
  (clear h))
Effects:
(and (handempty)
  (clear t)
  (on t h)
  (not (holding t)
  (not (clear h))

## New State:
(and (clear a)
 (handempty)
 (ontable p)
 (clear s)
 (ontable s)
 (clear t)
 (ontable y)
 (clear o)
 (ontable g)
 (ontable c)
 (clear l)
 (on a z)
 (on e p)
 (on t h)
 (on h i)
 (on o d)
 (on d g)
 (on l y)
 (on z r)
 (on r c)
 (on i e)
)



## Action Made:
Action unstack
Instantiations:
?X0 - block : a 
?X1 - block : z 
Preconditions:
(and (clear a)
  (handempty)
  (on a z))
Effects:
(and (holding a)
  (clear z)
  (not (clear a)
  (not (handempty)
  (not (on a z))

## New State:
(and (holding a)
 (ontable p)
 (clear s)
 (ontable s)
 (clear t)
 (ontable y)
 (clear o)
 (ontable g)
 (ontable c)
 (clear l)
 (clear z)
 (on e p)
 (on t h)
 (on h i)
 (on o d)
 (on d g)
 (on l y)
 (on z r)
 (on r c)
 (on i e)
)



## Action Made:
Action stack
Instantiations:
?X0 - block : a 
?X1 - block : l 
Preconditions:
(and (holding a)
  (clear l))
Effects:
(and (clear a)
  (handempty)
  (on a l)
  (not (holding a)
  (not (clear l))

## New State:
(and (clear a)
 (handempty)
 (ontable p)
 (clear s)
 (ontable s)
 (clear t)
 (ontable y)
 (clear o)
 (ontable g)
 (ontable c)
 (clear z)
 (on a l)
 (on e p)
 (on t h)
 (on h i)
 (on o d)
 (on d g)
 (on l y)
 (on z r)
 (on r c)
 (on i e)
)



## Action Made:
Action unstack
Instantiations:
?X0 - block : t 
?X1 - block : h 
Preconditions:
(and (handempty)
  (clear t)
  (on t h))
Effects:
(and (holding t)
  (clear h)
  (not (handempty)
  (not (clear t)
  (not (on t h))

## New State:
(and (clear a)
 (ontable p)
 (clear s)
 (ontable s)
 (holding t)
 (clear h)
 (ontable y)
 (clear o)
 (ontable g)
 (ontable c)
 (clear z)
 (on a l)
 (on e p)
 (on h i)
 (on o d)
 (on d g)
 (on l y)
 (on z r)
 (on r c)
 (on i e)
)



## Action Made:
Action put-down
Instantiations:
?X0 - block : t 
Preconditions:
(and (holding t))
Effects:
(and (handempty)
  (clear t)
  (ontable t)
  (not (holding t))

## New State:
(and (clear a)
 (handempty)
 (ontable p)
 (clear s)
 (ontable s)
 (clear t)
 (ontable t)
 (clear h)
 (ontable y)
 (clear o)
 (ontable g)
 (ontable c)
 (clear z)
 (on a l)
 (on e p)
 (on h i)
 (on o d)
 (on d g)
 (on l y)
 (on z r)
 (on r c)
 (on i e)
)



## Action Made:
Action unstack
Instantiations:
?X0 - block : h 
?X1 - block : i 
Preconditions:
(and (handempty)
  (clear h)
  (on h i))
Effects:
(and (holding h)
  (clear i)
  (not (handempty)
  (not (clear h)
  (not (on h i))

## New State:
(and (clear a)
 (ontable p)
 (clear s)
 (ontable s)
 (clear t)
 (ontable t)
 (holding h)
 (ontable y)
 (clear o)
 (ontable g)
 (ontable c)
 (clear z)
 (clear i)
 (on a l)
 (on e p)
 (on o d)
 (on d g)
 (on l y)
 (on z r)
 (on r c)
 (on i e)
)



## Action Made:
Action stack
Instantiations:
?X0 - block : h 
?X1 - block : z 
Preconditions:
(and (holding h)
  (clear z))
Effects:
(and (handempty)
  (clear h)
  (on h z)
  (not (holding h)
  (not (clear z))

## New State:
(and (clear a)
 (handempty)
 (ontable p)
 (clear s)
 (ontable s)
 (clear t)
 (ontable t)
 (clear h)
 (ontable y)
 (clear o)
 (ontable g)
 (ontable c)
 (clear i)
 (on a l)
 (on e p)
 (on h z)
 (on o d)
 (on d g)
 (on l y)
 (on z r)
 (on r c)
 (on i e)
)



## Action Made:
Action unstack
Instantiations:
?X0 - block : a 
?X1 - block : l 
Preconditions:
(and (clear a)
  (handempty)
  (on a l))
Effects:
(and (holding a)
  (clear l)
  (not (clear a)
  (not (handempty)
  (not (on a l))

## New State:
(and (holding a)
 (ontable p)
 (clear s)
 (ontable s)
 (clear t)
 (ontable t)
 (clear h)
 (ontable y)
 (clear o)
 (ontable g)
 (ontable c)
 (clear l)
 (clear i)
 (on e p)
 (on h z)
 (on o d)
 (on d g)
 (on l y)
 (on z r)
 (on r c)
 (on i e)
)



## Action Made:
Action stack
Instantiations:
?X0 - block : a 
?X1 - block : h 
Preconditions:
(and (holding a)
  (clear h))
Effects:
(and (clear a)
  (handempty)
  (on a h)
  (not (holding a)
  (not (clear h))

## New State:
(and (clear a)
 (handempty)
 (ontable p)
 (clear s)
 (ontable s)
 (clear t)
 (ontable t)
 (ontable y)
 (clear o)
 (ontable g)
 (ontable c)
 (clear l)
 (clear i)
 (on a h)
 (on e p)
 (on h z)
 (on o d)
 (on d g)
 (on l y)
 (on z r)
 (on r c)
 (on i e)
)



## Action Made:
Action pick-up
Instantiations:
?X0 - block : s 
Preconditions:
(and (handempty)
  (clear s)
  (ontable s))
Effects:
(and (holding s)
  (not (handempty)
  (not (clear s)
  (not (ontable s))

## New State:
(and (clear a)
 (ontable p)
 (holding s)
 (clear t)
 (ontable t)
 (ontable y)
 (clear o)
 (ontable g)
 (ontable c)
 (clear l)
 (clear i)
 (on a h)
 (on e p)
 (on h z)
 (on o d)
 (on d g)
 (on l y)
 (on z r)
 (on r c)
 (on i e)
)



## Action Made:
Action stack
Instantiations:
?X0 - block : s 
?X1 - block : o 
Preconditions:
(and (holding s)
  (clear o))
Effects:
(and (handempty)
  (clear s)
  (on s o)
  (not (holding s)
  (not (clear o))

## New State:
(and (clear a)
 (handempty)
 (ontable p)
 (clear s)
 (clear t)
 (ontable t)
 (ontable y)
 (ontable g)
 (ontable c)
 (clear l)
 (clear i)
 (on a h)
 (on e p)
 (on s o)
 (on h z)
 (on o d)
 (on d g)
 (on l y)
 (on z r)
 (on r c)
 (on i e)
)



## Action Made:
Action unstack
Instantiations:
?X0 - block : a 
?X1 - block : h 
Preconditions:
(and (clear a)
  (handempty)
  (on a h))
Effects:
(and (holding a)
  (clear h)
  (not (clear a)
  (not (handempty)
  (not (on a h))

## New State:
(and (holding a)
 (ontable p)
 (clear s)
 (clear t)
 (ontable t)
 (clear h)
 (ontable y)
 (ontable g)
 (ontable c)
 (clear l)
 (clear i)
 (on e p)
 (on s o)
 (on h z)
 (on o d)
 (on d g)
 (on l y)
 (on z r)
 (on r c)
 (on i e)
)



## Action Made:
Action put-down
Instantiations:
?X0 - block : a 
Preconditions:
(and (holding a))
Effects:
(and (clear a)
  (ontable a)
  (handempty)
  (not (holding a))

## New State:
(and (clear a)
 (ontable a)
 (handempty)
 (ontable p)
 (clear s)
 (clear t)
 (ontable t)
 (clear h)
 (ontable y)
 (ontable g)
 (ontable c)
 (clear l)
 (clear i)
 (on e p)
 (on s o)
 (on h z)
 (on o d)
 (on d g)
 (on l y)
 (on z r)
 (on r c)
 (on i e)
)



## Action Made:
Action unstack
Instantiations:
?X0 - block : l 
?X1 - block : y 
Preconditions:
(and (handempty)
  (clear l)
  (on l y))
Effects:
(and (clear y)
  (holding l)
  (not (handempty)
  (not (clear l)
  (not (on l y))

## New State:
(and (clear a)
 (ontable a)
 (ontable p)
 (clear s)
 (clear t)
 (ontable t)
 (clear h)
 (clear y)
 (ontable y)
 (ontable g)
 (ontable c)
 (holding l)
 (clear i)
 (on e p)
 (on s o)
 (on h z)
 (on o d)
 (on d g)
 (on z r)
 (on r c)
 (on i e)
)



## Action Made:
Action stack
Instantiations:
?X0 - block : l 
?X1 - block : i 
Preconditions:
(and (holding l)
  (clear i))
Effects:
(and (handempty)
  (clear l)
  (on l i)
  (not (holding l)
  (not (clear i))

## New State:
(and (clear a)
 (ontable a)
 (handempty)
 (ontable p)
 (clear s)
 (clear t)
 (ontable t)
 (clear h)
 (clear y)
 (ontable y)
 (ontable g)
 (ontable c)
 (clear l)
 (on e p)
 (on s o)
 (on h z)
 (on o d)
 (on d g)
 (on l i)
 (on z r)
 (on r c)
 (on i e)
)



## Action Made:
Action unstack
Instantiations:
?X0 - block : h 
?X1 - block : z 
Preconditions:
(and (handempty)
  (clear h)
  (on h z))
Effects:
(and (holding h)
  (clear z)
  (not (handempty)
  (not (clear h)
  (not (on h z))

## New State:
(and (clear a)
 (ontable a)
 (ontable p)
 (clear s)
 (clear t)
 (ontable t)
 (holding h)
 (clear y)
 (ontable y)
 (ontable g)
 (ontable c)
 (clear l)
 (clear z)
 (on e p)
 (on s o)
 (on o d)
 (on d g)
 (on l i)
 (on z r)
 (on r c)
 (on i e)
)



## Action Made:
Action stack
Instantiations:
?X0 - block : h 
?X1 - block : s 
Preconditions:
(and (clear s)
  (holding h))
Effects:
(and (handempty)
  (clear h)
  (on h s)
  (not (clear s)
  (not (holding h))

## New State:
(and (clear a)
 (ontable a)
 (handempty)
 (ontable p)
 (clear t)
 (ontable t)
 (clear h)
 (clear y)
 (ontable y)
 (ontable g)
 (ontable c)
 (clear l)
 (clear z)
 (on e p)
 (on s o)
 (on h s)
 (on o d)
 (on d g)
 (on l i)
 (on z r)
 (on r c)
 (on i e)
)



## Action Made:
Action pick-up
Instantiations:
?X0 - block : t 
Preconditions:
(and (handempty)
  (clear t)
  (ontable t))
Effects:
(and (holding t)
  (not (handempty)
  (not (clear t)
  (not (ontable t))

## New State:
(and (clear a)
 (ontable a)
 (ontable p)
 (holding t)
 (clear h)
 (clear y)
 (ontable y)
 (ontable g)
 (ontable c)
 (clear l)
 (clear z)
 (on e p)
 (on s o)
 (on h s)
 (on o d)
 (on d g)
 (on l i)
 (on z r)
 (on r c)
 (on i e)
)



## Action Made:
Action stack
Instantiations:
?X0 - block : t 
?X1 - block : y 
Preconditions:
(and (holding t)
  (clear y))
Effects:
(and (handempty)
  (clear t)
  (on t y)
  (not (holding t)
  (not (clear y))

## New State:
(and (clear a)
 (ontable a)
 (handempty)
 (ontable p)
 (clear t)
 (clear h)
 (ontable y)
 (ontable g)
 (ontable c)
 (clear l)
 (clear z)
 (on e p)
 (on s o)
 (on t y)
 (on h s)
 (on o d)
 (on d g)
 (on l i)
 (on z r)
 (on r c)
 (on i e)
)



## Action Made:
Action unstack
Instantiations:
?X0 - block : z 
?X1 - block : r 
Preconditions:
(and (handempty)
  (clear z)
  (on z r))
Effects:
(and (holding z)
  (clear r)
  (not (handempty)
  (not (clear z)
  (not (on z r))

## New State:
(and (clear a)
 (ontable a)
 (ontable p)
 (clear t)
 (clear h)
 (ontable y)
 (ontable g)
 (ontable c)
 (clear l)
 (holding z)
 (clear r)
 (on e p)
 (on s o)
 (on t y)
 (on h s)
 (on o d)
 (on d g)
 (on l i)
 (on r c)
 (on i e)
)



## Action Made:
Action stack
Instantiations:
?X0 - block : z 
?X1 - block : t 
Preconditions:
(and (clear t)
  (holding z))
Effects:
(and (handempty)
  (clear z)
  (on z t)
  (not (clear t)
  (not (holding z))

## New State:
(and (clear a)
 (ontable a)
 (handempty)
 (ontable p)
 (clear h)
 (ontable y)
 (ontable g)
 (ontable c)
 (clear l)
 (clear z)
 (clear r)
 (on e p)
 (on s o)
 (on t y)
 (on h s)
 (on o d)
 (on d g)
 (on l i)
 (on z t)
 (on r c)
 (on i e)
)



## Action Made:
Action pick-up
Instantiations:
?X0 - block : a 
Preconditions:
(and (clear a)
  (ontable a)
  (handempty))
Effects:
(and (holding a)
  (not (clear a)
  (not (ontable a)
  (not (handempty))

## New State:
(and (holding a)
 (ontable p)
 (clear h)
 (ontable y)
 (ontable g)
 (ontable c)
 (clear l)
 (clear z)
 (clear r)
 (on e p)
 (on s o)
 (on t y)
 (on h s)
 (on o d)
 (on d g)
 (on l i)
 (on z t)
 (on r c)
 (on i e)
)



## Action Made:
Action stack
Instantiations:
?X0 - block : a 
?X1 - block : z 
Preconditions:
(and (holding a)
  (clear z))
Effects:
(and (clear a)
  (handempty)
  (on a z)
  (not (holding a)
  (not (clear z))

## New State:
(and (clear a)
 (handempty)
 (ontable p)
 (clear h)
 (ontable y)
 (ontable g)
 (ontable c)
 (clear l)
 (clear r)
 (on a z)
 (on e p)
 (on s o)
 (on t y)
 (on h s)
 (on o d)
 (on d g)
 (on l i)
 (on z t)
 (on r c)
 (on i e)
)



## Action Made:
Action unstack
Instantiations:
?X0 - block : r 
?X1 - block : c 
Preconditions:
(and (handempty)
  (clear r)
  (on r c))
Effects:
(and (clear c)
  (holding r)
  (not (handempty)
  (not (clear r)
  (not (on r c))

## New State:
(and (clear a)
 (ontable p)
 (clear h)
 (ontable y)
 (ontable g)
 (clear c)
 (ontable c)
 (clear l)
 (holding r)
 (on a z)
 (on e p)
 (on s o)
 (on t y)
 (on h s)
 (on o d)
 (on d g)
 (on l i)
 (on z t)
 (on i e)
)



## Action Made:
Action stack
Instantiations:
?X0 - block : r 
?X1 - block : h 
Preconditions:
(and (clear h)
  (holding r))
Effects:
(and (handempty)
  (clear r)
  (on r h)
  (not (clear h)
  (not (holding r))

## New State:
(and (clear a)
 (handempty)
 (ontable p)
 (ontable y)
 (ontable g)
 (clear c)
 (ontable c)
 (clear l)
 (clear r)
 (on a z)
 (on e p)
 (on s o)
 (on t y)
 (on h s)
 (on o d)
 (on d g)
 (on l i)
 (on z t)
 (on r h)
 (on i e)
)



## Action Made:
Action pick-up
Instantiations:
?X0 - block : c 
Preconditions:
(and (handempty)
  (clear c)
  (ontable c))
Effects:
(and (holding c)
  (not (handempty)
  (not (clear c)
  (not (ontable c))

## New State:
(and (clear a)
 (ontable p)
 (ontable y)
 (ontable g)
 (holding c)
 (clear l)
 (clear r)
 (on a z)
 (on e p)
 (on s o)
 (on t y)
 (on h s)
 (on o d)
 (on d g)
 (on l i)
 (on z t)
 (on r h)
 (on i e)
)



## Action Made:
Action stack
Instantiations:
?X0 - block : c 
?X1 - block : r 
Preconditions:
(and (holding c)
  (clear r))
Effects:
(and (handempty)
  (clear c)
  (on c r)
  (not (holding c)
  (not (clear r))

## New State:
(and (clear a)
 (handempty)
 (ontable p)
 (ontable y)
 (ontable g)
 (clear c)
 (clear l)
 (on a z)
 (on e p)
 (on s o)
 (on t y)
 (on h s)
 (on o d)
 (on d g)
 (on c r)
 (on l i)
 (on z t)
 (on r h)
 (on i e)
)



## Action Made:
Action unstack
Instantiations:
?X0 - block : a 
?X1 - block : z 
Preconditions:
(and (clear a)
  (handempty)
  (on a z))
Effects:
(and (holding a)
  (clear z)
  (not (clear a)
  (not (handempty)
  (not (on a z))

## New State:
(and (holding a)
 (ontable p)
 (ontable y)
 (ontable g)
 (clear c)
 (clear l)
 (clear z)
 (on e p)
 (on s o)
 (on t y)
 (on h s)
 (on o d)
 (on d g)
 (on c r)
 (on l i)
 (on z t)
 (on r h)
 (on i e)
)



## Action Made:
Action stack
Instantiations:
?X0 - block : a 
?X1 - block : c 
Preconditions:
(and (holding a)
  (clear c))
Effects:
(and (clear a)
  (handempty)
  (on a c)
  (not (holding a)
  (not (clear c))

## New State:
(and (clear a)
 (handempty)
 (ontable p)
 (ontable y)
 (ontable g)
 (clear l)
 (clear z)
 (on a c)
 (on e p)
 (on s o)
 (on t y)
 (on h s)
 (on o d)
 (on d g)
 (on c r)
 (on l i)
 (on z t)
 (on r h)
 (on i e)
)



## Action Made:
Action unstack
Instantiations:
?X0 - block : l 
?X1 - block : i 
Preconditions:
(and (handempty)
  (clear l)
  (on l i))
Effects:
(and (holding l)
  (clear i)
  (not (handempty)
  (not (clear l)
  (not (on l i))

## New State:
(and (clear a)
 (ontable p)
 (ontable y)
 (ontable g)
 (holding l)
 (clear z)
 (clear i)
 (on a c)
 (on e p)
 (on s o)
 (on t y)
 (on h s)
 (on o d)
 (on d g)
 (on c r)
 (on z t)
 (on r h)
 (on i e)
)



## Action Made:
Action stack
Instantiations:
?X0 - block : l 
?X1 - block : z 
Preconditions:
(and (holding l)
  (clear z))
Effects:
(and (handempty)
  (clear l)
  (on l z)
  (not (holding l)
  (not (clear z))

## New State:
(and (clear a)
 (handempty)
 (ontable p)
 (ontable y)
 (ontable g)
 (clear l)
 (clear i)
 (on a c)
 (on e p)
 (on s o)
 (on t y)
 (on h s)
 (on o d)
 (on d g)
 (on c r)
 (on l z)
 (on z t)
 (on r h)
 (on i e)
)



## Action Made:
Action unstack
Instantiations:
?X0 - block : a 
?X1 - block : c 
Preconditions:
(and (clear a)
  (handempty)
  (on a c))
Effects:
(and (holding a)
  (clear c)
  (not (clear a)
  (not (handempty)
  (not (on a c))

## New State:
(and (holding a)
 (ontable p)
 (ontable y)
 (ontable g)
 (clear c)
 (clear l)
 (clear i)
 (on e p)
 (on s o)
 (on t y)
 (on h s)
 (on o d)
 (on d g)
 (on c r)
 (on l z)
 (on z t)
 (on r h)
 (on i e)
)



## Action Made:
Action stack
Instantiations:
?X0 - block : a 
?X1 - block : i 
Preconditions:
(and (holding a)
  (clear i))
Effects:
(and (clear a)
  (handempty)
  (on a i)
  (not (holding a)
  (not (clear i))

## New State:
(and (clear a)
 (handempty)
 (ontable p)
 (ontable y)
 (ontable g)
 (clear c)
 (clear l)
 (on a i)
 (on e p)
 (on s o)
 (on t y)
 (on h s)
 (on o d)
 (on d g)
 (on c r)
 (on l z)
 (on z t)
 (on r h)
 (on i e)
)



## Action Made:
Action unstack
Instantiations:
?X0 - block : c 
?X1 - block : r 
Preconditions:
(and (handempty)
  (clear c)
  (on c r))
Effects:
(and (holding c)
  (clear r)
  (not (handempty)
  (not (clear c)
  (not (on c r))

## New State:
(and (clear a)
 (ontable p)
 (ontable y)
 (ontable g)
 (holding c)
 (clear l)
 (clear r)
 (on a i)
 (on e p)
 (on s o)
 (on t y)
 (on h s)
 (on o d)
 (on d g)
 (on l z)
 (on z t)
 (on r h)
 (on i e)
)



## Action Made:
Action stack
Instantiations:
?X0 - block : c 
?X1 - block : l 
Preconditions:
(and (holding c)
  (clear l))
Effects:
(and (handempty)
  (clear c)
  (on c l)
  (not (holding c)
  (not (clear l))

## New State:
(and (clear a)
 (handempty)
 (ontable p)
 (ontable y)
 (ontable g)
 (clear c)
 (clear r)
 (on a i)
 (on e p)
 (on s o)
 (on t y)
 (on h s)
 (on o d)
 (on d g)
 (on c l)
 (on l z)
 (on z t)
 (on r h)
 (on i e)
)



## Action Made:
Action unstack
Instantiations:
?X0 - block : a 
?X1 - block : i 
Preconditions:
(and (clear a)
  (handempty)
  (on a i))
Effects:
(and (holding a)
  (clear i)
  (not (clear a)
  (not (handempty)
  (not (on a i))

## New State:
(and (holding a)
 (ontable p)
 (ontable y)
 (ontable g)
 (clear c)
 (clear r)
 (clear i)
 (on e p)
 (on s o)
 (on t y)
 (on h s)
 (on o d)
 (on d g)
 (on c l)
 (on l z)
 (on z t)
 (on r h)
 (on i e)
)



## Action Made:
Action put-down
Instantiations:
?X0 - block : a 
Preconditions:
(and (holding a))
Effects:
(and (clear a)
  (ontable a)
  (handempty)
  (not (holding a))

## New State:
(and (clear a)
 (ontable a)
 (handempty)
 (ontable p)
 (ontable y)
 (ontable g)
 (clear c)
 (clear r)
 (clear i)
 (on e p)
 (on s o)
 (on t y)
 (on h s)
 (on o d)
 (on d g)
 (on c l)
 (on l z)
 (on z t)
 (on r h)
 (on i e)
)



## Action Made:
Action unstack
Instantiations:
?X0 - block : i 
?X1 - block : e 
Preconditions:
(and (handempty)
  (clear i)
  (on i e))
Effects:
(and (clear e)
  (holding i)
  (not (handempty)
  (not (clear i)
  (not (on i e))

## New State:
(and (clear a)
 (ontable a)
 (clear e)
 (ontable p)
 (ontable y)
 (ontable g)
 (clear c)
 (clear r)
 (holding i)
 (on e p)
 (on s o)
 (on t y)
 (on h s)
 (on o d)
 (on d g)
 (on c l)
 (on l z)
 (on z t)
 (on r h)
)



## Action Made:
Action stack
Instantiations:
?X0 - block : i 
?X1 - block : c 
Preconditions:
(and (clear c)
  (holding i))
Effects:
(and (handempty)
  (clear i)
  (on i c)
  (not (clear c)
  (not (holding i))

## New State:
(and (clear a)
 (ontable a)
 (handempty)
 (clear e)
 (ontable p)
 (ontable y)
 (ontable g)
 (clear r)
 (clear i)
 (on e p)
 (on s o)
 (on t y)
 (on h s)
 (on o d)
 (on d g)
 (on c l)
 (on l z)
 (on z t)
 (on r h)
 (on i c)
)



## Action Made:
Action unstack
Instantiations:
?X0 - block : r 
?X1 - block : h 
Preconditions:
(and (handempty)
  (clear r)
  (on r h))
Effects:
(and (clear h)
  (holding r)
  (not (handempty)
  (not (clear r)
  (not (on r h))

## New State:
(and (clear a)
 (ontable a)
 (clear e)
 (ontable p)
 (clear h)
 (ontable y)
 (ontable g)
 (holding r)
 (clear i)
 (on e p)
 (on s o)
 (on t y)
 (on h s)
 (on o d)
 (on d g)
 (on c l)
 (on l z)
 (on z t)
 (on i c)
)



## Action Made:
Action stack
Instantiations:
?X0 - block : r 
?X1 - block : i 
Preconditions:
(and (holding r)
  (clear i))
Effects:
(and (handempty)
  (clear r)
  (on r i)
  (not (holding r)
  (not (clear i))

## New State:
(and (clear a)
 (ontable a)
 (handempty)
 (clear e)
 (ontable p)
 (clear h)
 (ontable y)
 (ontable g)
 (clear r)
 (on e p)
 (on s o)
 (on t y)
 (on h s)
 (on o d)
 (on d g)
 (on c l)
 (on l z)
 (on z t)
 (on r i)
 (on i c)
)



## Action Made:
Action unstack
Instantiations:
?X0 - block : h 
?X1 - block : s 
Preconditions:
(and (handempty)
  (clear h)
  (on h s))
Effects:
(and (clear s)
  (holding h)
  (not (handempty)
  (not (clear h)
  (not (on h s))

## New State:
(and (clear a)
 (ontable a)
 (clear e)
 (ontable p)
 (clear s)
 (holding h)
 (ontable y)
 (ontable g)
 (clear r)
 (on e p)
 (on s o)
 (on t y)
 (on o d)
 (on d g)
 (on c l)
 (on l z)
 (on z t)
 (on r i)
 (on i c)
)



## Action Made:
Action put-down
Instantiations:
?X0 - block : h 
Preconditions:
(and (holding h))
Effects:
(and (handempty)
  (clear h)
  (ontable h)
  (not (holding h))

## New State:
(and (clear a)
 (ontable a)
 (handempty)
 (clear e)
 (ontable p)
 (clear s)
 (clear h)
 (ontable h)
 (ontable y)
 (ontable g)
 (clear r)
 (on e p)
 (on s o)
 (on t y)
 (on o d)
 (on d g)
 (on c l)
 (on l z)
 (on z t)
 (on r i)
 (on i c)
)



## Action Made:
Action unstack
Instantiations:
?X0 - block : r 
?X1 - block : i 
Preconditions:
(and (handempty)
  (clear r)
  (on r i))
Effects:
(and (holding r)
  (clear i)
  (not (handempty)
  (not (clear r)
  (not (on r i))

## New State:
(and (clear a)
 (ontable a)
 (clear e)
 (ontable p)
 (clear s)
 (clear h)
 (ontable h)
 (ontable y)
 (ontable g)
 (holding r)
 (clear i)
 (on e p)
 (on s o)
 (on t y)
 (on o d)
 (on d g)
 (on c l)
 (on l z)
 (on z t)
 (on i c)
)



## Action Made:
Action put-down
Instantiations:
?X0 - block : r 
Preconditions:
(and (holding r))
Effects:
(and (handempty)
  (clear r)
  (ontable r)
  (not (holding r))

## New State:
(and (clear a)
 (ontable a)
 (handempty)
 (clear e)
 (ontable p)
 (clear s)
 (clear h)
 (ontable h)
 (ontable y)
 (ontable g)
 (clear r)
 (ontable r)
 (clear i)
 (on e p)
 (on s o)
 (on t y)
 (on o d)
 (on d g)
 (on c l)
 (on l z)
 (on z t)
 (on i c)
)



## Action Made:
Action unstack
Instantiations:
?X0 - block : i 
?X1 - block : c 
Preconditions:
(and (handempty)
  (clear i)
  (on i c))
Effects:
(and (clear c)
  (holding i)
  (not (handempty)
  (not (clear i)
  (not (on i c))

## New State:
(and (clear a)
 (ontable a)
 (clear e)
 (ontable p)
 (clear s)
 (clear h)
 (ontable h)
 (ontable y)
 (ontable g)
 (clear c)
 (clear r)
 (ontable r)
 (holding i)
 (on e p)
 (on s o)
 (on t y)
 (on o d)
 (on d g)
 (on c l)
 (on l z)
 (on z t)
)



## Action Made:
Action put-down
Instantiations:
?X0 - block : i 
Preconditions:
(and (holding i))
Effects:
(and (handempty)
  (clear i)
  (ontable i)
  (not (holding i))

## New State:
(and (clear a)
 (ontable a)
 (handempty)
 (clear e)
 (ontable p)
 (clear s)
 (clear h)
 (ontable h)
 (ontable y)
 (ontable g)
 (clear c)
 (clear r)
 (ontable r)
 (clear i)
 (ontable i)
 (on e p)
 (on s o)
 (on t y)
 (on o d)
 (on d g)
 (on c l)
 (on l z)
 (on z t)
)



Final state:
(and (clear a)
 (ontable a)
 (handempty)
 (clear e)
 (ontable p)
 (clear s)
 (clear h)
 (ontable h)
 (ontable y)
 (ontable g)
 (clear c)
 (clear r)
 (ontable r)
 (clear i)
 (ontable i)
 (on e p)
 (on s o)
 (on t y)
 (on o d)
 (on d g)
 (on c l)
 (on l z)
 (on z t)
)
