=== Log started at 2025-03-20 14:55:13 ===
## Behaviour Generator: PurposefulSuspiciousBehaviourGenerator{type=Purposeful, epsilon=0.35, stepsBeforeOptimal=30}



## Initial state:
(and (clear d)
 (ontable d)
 (handempty)
 (clear b)
 (ontable b)
 (clear a)
 (ontable a)
 (clear c)
 (ontable c)
)
## Action Made:
Action pick-up
Instantiations:
?X0 - block : a 
Preconditions:
(and (handempty)
  (clear a)
  (ontable a))
Effects:
(and (holding a)
  (not (handempty)
  (not (clear a)
  (not (ontable a))

## New State:
(and (clear d)
 (ontable d)
 (clear b)
 (ontable b)
 (holding a)
 (clear c)
 (ontable c)
)



## Action Made:
Action stack
Instantiations:
?X0 - block : a 
?X1 - block : c 
Preconditions:
(and (holding a)
  (clear c))
Effects:
(and (handempty)
  (clear a)
  (on a c)
  (not (holding a)
  (not (clear c))

## New State:
(and (clear d)
 (ontable d)
 (handempty)
 (clear b)
 (ontable b)
 (clear a)
 (ontable c)
 (on a c)
)



## Action Made:
Action pick-up
Instantiations:
?X0 - block : b 
Preconditions:
(and (handempty)
  (clear b)
  (ontable b))
Effects:
(and (holding b)
  (not (handempty)
  (not (clear b)
  (not (ontable b))

## New State:
(and (clear d)
 (ontable d)
 (holding b)
 (clear a)
 (ontable c)
 (on a c)
)



## Action Made:
Action stack
Instantiations:
?X0 - block : b 
?X1 - block : d 
Preconditions:
(and (clear d)
  (holding b))
Effects:
(and (handempty)
  (clear b)
  (on b d)
  (not (clear d)
  (not (holding b))

## New State:
(and (ontable d)
 (handempty)
 (clear b)
 (clear a)
 (ontable c)
 (on b d)
 (on a c)
)



## Action Made:
Action unstack
Instantiations:
?X0 - block : a 
?X1 - block : c 
Preconditions:
(and (handempty)
  (clear a)
  (on a c))
Effects:
(and (holding a)
  (clear c)
  (not (handempty)
  (not (clear a)
  (not (on a c))

## New State:
(and (ontable d)
 (clear b)
 (holding a)
 (clear c)
 (ontable c)
 (on b d)
)



## Action Made:
Action stack
Instantiations:
?X0 - block : a 
?X1 - block : b 
Preconditions:
(and (clear b)
  (holding a))
Effects:
(and (handempty)
  (clear a)
  (on a b)
  (not (clear b)
  (not (holding a))

## New State:
(and (ontable d)
 (handempty)
 (clear a)
 (clear c)
 (ontable c)
 (on b d)
 (on a b)
)



## Action Made:
Action pick-up
Instantiations:
?X0 - block : c 
Preconditions:
(and (handempty)
  (clear c)
  (ontable c))
Effects:
(and (holding c)
  (not (handempty)
  (not (clear c)
  (not (ontable c))

## New State:
(and (ontable d)
 (clear a)
 (holding c)
 (on b d)
 (on a b)
)



## Action Made:
Action stack
Instantiations:
?X0 - block : c 
?X1 - block : a 
Preconditions:
(and (clear a)
  (holding c))
Effects:
(and (handempty)
  (clear c)
  (on c a)
  (not (clear a)
  (not (holding c))

## New State:
(and (ontable d)
 (handempty)
 (clear c)
 (on b d)
 (on a b)
 (on c a)
)



Execution terminated: No more valid actions
Final state:
(and (ontable d)
 (handempty)
 (clear c)
 (on b d)
 (on a b)
 (on c a)
)
